<?xml version="1.0" encoding="UTF-8"?>
<testsuite xmlns:xsi="http://www.w3.org/2001/XMLSchema-instance" xsi:noNamespaceSchemaLocation="https://maven.apache.org/surefire/maven-surefire-plugin/xsd/surefire-test-report-3.0.xsd" version="3.0" name="FilmRepositoryTest" time="6.009" tests="1" errors="1" skipped="0" failures="0">
  <properties>
    <property name="java.specification.version" value="21"/>
    <property name="sun.cpu.isalist" value="amd64"/>
    <property name="sun.jnu.encoding" value="Cp1252"/>
    <property name="java.class.path" value="D:\JOB-Career-Study\QuarkusProject\Quarkus-Sakila\target\test-classes;D:\JOB-Career-Study\QuarkusProject\Quarkus-Sakila\target\classes;C:\Users\ashim\.m2\repository\io\quarkus\quarkus-resteasy-reactive-jackson\3.1.3.Final\quarkus-resteasy-reactive-jackson-3.1.3.Final.jar;C:\Users\ashim\.m2\repository\io\quarkus\quarkus-resteasy-reactive\3.1.3.Final\quarkus-resteasy-reactive-3.1.3.Final.jar;C:\Users\ashim\.m2\repository\io\quarkus\quarkus-resteasy-reactive-common\3.1.3.Final\quarkus-resteasy-reactive-common-3.1.3.Final.jar;C:\Users\ashim\.m2\repository\io\quarkus\resteasy\reactive\resteasy-reactive-common\3.1.3.Final\resteasy-reactive-common-3.1.3.Final.jar;C:\Users\ashim\.m2\repository\io\quarkus\resteasy\reactive\resteasy-reactive-common-types\3.1.3.Final\resteasy-reactive-common-types-3.1.3.Final.jar;C:\Users\ashim\.m2\repository\org\reactivestreams\reactive-streams\1.0.4\reactive-streams-1.0.4.jar;C:\Users\ashim\.m2\repository\io\quarkus\resteasy\reactive\resteasy-reactive-vertx\3.1.3.Final\resteasy-reactive-vertx-3.1.3.Final.jar;C:\Users\ashim\.m2\repository\io\smallrye\reactive\smallrye-mutiny-vertx-core\3.5.0\smallrye-mutiny-vertx-core-3.5.0.jar;C:\Users\ashim\.m2\repository\io\smallrye\reactive\smallrye-mutiny-vertx-runtime\3.5.0\smallrye-mutiny-vertx-runtime-3.5.0.jar;C:\Users\ashim\.m2\repository\io\smallrye\reactive\vertx-mutiny-generator\3.5.0\vertx-mutiny-generator-3.5.0.jar;C:\Users\ashim\.m2\repository\io\vertx\vertx-codegen\4.4.4\vertx-codegen-4.4.4.jar;C:\Users\ashim\.m2\repository\io\quarkus\resteasy\reactive\resteasy-reactive\3.1.3.Final\resteasy-reactive-3.1.3.Final.jar;C:\Users\ashim\.m2\repository\jakarta\ws\rs\jakarta.ws.rs-api\3.1.0\jakarta.ws.rs-api-3.1.0.jar;C:\Users\ashim\.m2\repository\io\quarkus\quarkus-jsonp\3.1.3.Final\quarkus-jsonp-3.1.3.Final.jar;C:\Users\ashim\.m2\repository\org\eclipse\parsson\parsson\1.1.1\parsson-1.1.1.jar;C:\Users\ashim\.m2\repository\jakarta\json\jakarta.json-api\2.1.1\jakarta.json-api-2.1.1.jar;C:\Users\ashim\.m2\repository\io\quarkus\quarkus-resteasy-reactive-jackson-common\3.1.3.Final\quarkus-resteasy-reactive-jackson-common-3.1.3.Final.jar;C:\Users\ashim\.m2\repository\io\quarkus\resteasy\reactive\resteasy-reactive-jackson\3.1.3.Final\resteasy-reactive-jackson-3.1.3.Final.jar;C:\Users\ashim\.m2\repository\io\quarkus\quarkus-jackson\3.1.3.Final\quarkus-jackson-3.1.3.Final.jar;C:\Users\ashim\.m2\repository\com\fasterxml\jackson\datatype\jackson-datatype-jsr310\2.15.2\jackson-datatype-jsr310-2.15.2.jar;C:\Users\ashim\.m2\repository\com\fasterxml\jackson\datatype\jackson-datatype-jdk8\2.15.2\jackson-datatype-jdk8-2.15.2.jar;C:\Users\ashim\.m2\repository\com\fasterxml\jackson\module\jackson-module-parameter-names\2.15.2\jackson-module-parameter-names-2.15.2.jar;C:\Users\ashim\.m2\repository\io\quarkiverse\jpastreamer\quarkus-jpastreamer\3.0.3.Final\quarkus-jpastreamer-3.0.3.Final.jar;C:\Users\ashim\.m2\repository\com\speedment\jpastreamer\jpastreamer-core\3.0.4\jpastreamer-core-3.0.4.jar;C:\Users\ashim\.m2\repository\jakarta\persistence\jakarta.persistence-api\3.1.0\jakarta.persistence-api-3.1.0.jar;C:\Users\ashim\.m2\repository\com\speedment\jpastreamer\field\3.0.4\field-3.0.4.jar;C:\Users\ashim\.m2\repository\com\speedment\common\invariant\3.2.10\invariant-3.2.10.jar;C:\Users\ashim\.m2\repository\com\speedment\common\function\3.2.10\function-3.2.10.jar;C:\Users\ashim\.m2\repository\com\speedment\runtime\runtime-compute\3.2.10\runtime-compute-3.2.10.jar;C:\Users\ashim\.m2\repository\com\speedment\jpastreamer\application-standard\3.0.4\application-standard-3.0.4.jar;C:\Users\ashim\.m2\repository\com\speedment\jpastreamer\application\3.0.4\application-3.0.4.jar;C:\Users\ashim\.m2\repository\com\speedment\jpastreamer\projection\3.0.4\projection-3.0.4.jar;C:\Users\ashim\.m2\repository\com\speedment\jpastreamer\pipeline\3.0.4\pipeline-3.0.4.jar;C:\Users\ashim\.m2\repository\com\speedment\jpastreamer\streamconfiguration\3.0.4\streamconfiguration-3.0.4.jar;C:\Users\ashim\.m2\repository\com\speedment\jpastreamer\renderer\3.0.4\renderer-3.0.4.jar;C:\Users\ashim\.m2\repository\com\speedment\jpastreamer\builder\3.0.4\builder-3.0.4.jar;C:\Users\ashim\.m2\repository\com\speedment\jpastreamer\autoclose\3.0.4\autoclose-3.0.4.jar;C:\Users\ashim\.m2\repository\com\speedment\jpastreamer\appinfo\3.0.4\appinfo-3.0.4.jar;C:\Users\ashim\.m2\repository\com\speedment\jpastreamer\rootfactory\3.0.4\rootfactory-3.0.4.jar;C:\Users\ashim\.m2\repository\com\speedment\jpastreamer\streamconfiguration-standard\3.0.4\streamconfiguration-standard-3.0.4.jar;C:\Users\ashim\.m2\repository\com\speedment\jpastreamer\pipeline-standard\3.0.4\pipeline-standard-3.0.4.jar;C:\Users\ashim\.m2\repository\com\speedment\jpastreamer\javasixteen\3.0.4\javasixteen-3.0.4.jar;C:\Users\ashim\.m2\repository\com\speedment\jpastreamer\renderer-standard\3.0.4\renderer-standard-3.0.4.jar;C:\Users\ashim\.m2\repository\com\speedment\jpastreamer\criteria\3.0.4\criteria-3.0.4.jar;C:\Users\ashim\.m2\repository\com\speedment\jpastreamer\merger\3.0.4\merger-3.0.4.jar;C:\Users\ashim\.m2\repository\com\speedment\jpastreamer\interopoptimizer\3.0.4\interopoptimizer-3.0.4.jar;C:\Users\ashim\.m2\repository\com\speedment\jpastreamer\termopmodifier\3.0.4\termopmodifier-3.0.4.jar;C:\Users\ashim\.m2\repository\com\speedment\jpastreamer\termopoptimizer\3.0.4\termopoptimizer-3.0.4.jar;C:\Users\ashim\.m2\repository\com\speedment\jpastreamer\criteria-standard\3.0.4\criteria-standard-3.0.4.jar;C:\Users\ashim\.m2\repository\com\speedment\jpastreamer\exception\3.0.4\exception-3.0.4.jar;C:\Users\ashim\.m2\repository\com\speedment\jpastreamer\merger-standard\3.0.4\merger-standard-3.0.4.jar;C:\Users\ashim\.m2\repository\com\speedment\jpastreamer\builder-standard\3.0.4\builder-standard-3.0.4.jar;C:\Users\ashim\.m2\repository\com\speedment\jpastreamer\autoclose-standard\3.0.4\autoclose-standard-3.0.4.jar;C:\Users\ashim\.m2\repository\com\speedment\jpastreamer\interopoptimizer-standard\3.0.4\interopoptimizer-standard-3.0.4.jar;C:\Users\ashim\.m2\repository\com\speedment\jpastreamer\fieldgenerator-standard\3.0.4\fieldgenerator-standard-3.0.4.jar;C:\Users\ashim\.m2\repository\com\speedment\common\codegen\3.2.10\codegen-3.2.10.jar;C:\Users\ashim\.m2\repository\com\google\auto\service\auto-service-annotations\1.0.1\auto-service-annotations-1.0.1.jar;C:\Users\ashim\.m2\repository\com\speedment\jpastreamer\appinfo-standard\3.0.4\appinfo-standard-3.0.4.jar;C:\Users\ashim\.m2\repository\com\speedment\jpastreamer\termopmodifier-standard\3.0.4\termopmodifier-standard-3.0.4.jar;C:\Users\ashim\.m2\repository\com\speedment\jpastreamer\termopoptimizer-standard\3.0.4\termopoptimizer-standard-3.0.4.jar;C:\Users\ashim\.m2\repository\com\speedment\jpastreamer\announcer\3.0.4\announcer-3.0.4.jar;C:\Users\ashim\.m2\repository\io\quarkus\quarkus-hibernate-orm-panache\3.1.3.Final\quarkus-hibernate-orm-panache-3.1.3.Final.jar;C:\Users\ashim\.m2\repository\io\quarkus\quarkus-hibernate-orm\3.1.3.Final\quarkus-hibernate-orm-3.1.3.Final.jar;C:\Users\ashim\.m2\repository\io\quarkus\quarkus-agroal\3.1.3.Final\quarkus-agroal-3.1.3.Final.jar;C:\Users\ashim\.m2\repository\io\quarkus\quarkus-datasource\3.1.3.Final\quarkus-datasource-3.1.3.Final.jar;C:\Users\ashim\.m2\repository\io\quarkus\quarkus-datasource-common\3.1.3.Final\quarkus-datasource-common-3.1.3.Final.jar;C:\Users\ashim\.m2\repository\io\agroal\agroal-api\2.1\agroal-api-2.1.jar;C:\Users\ashim\.m2\repository\io\agroal\agroal-narayana\2.1\agroal-narayana-2.1.jar;C:\Users\ashim\.m2\repository\org\jboss\jboss-transaction-spi\8.0.0.Final\jboss-transaction-spi-8.0.0.Final.jar;C:\Users\ashim\.m2\repository\io\agroal\agroal-pool\2.1\agroal-pool-2.1.jar;C:\Users\ashim\.m2\repository\io\quarkus\quarkus-narayana-jta\3.1.3.Final\quarkus-narayana-jta-3.1.3.Final.jar;C:\Users\ashim\.m2\repository\io\quarkus\quarkus-transaction-annotations\3.1.3.Final\quarkus-transaction-annotations-3.1.3.Final.jar;C:\Users\ashim\.m2\repository\io\smallrye\smallrye-context-propagation-jta\2.1.0\smallrye-context-propagation-jta-2.1.0.jar;C:\Users\ashim\.m2\repository\io\smallrye\reactive\smallrye-reactive-converter-api\3.0.0\smallrye-reactive-converter-api-3.0.0.jar;C:\Users\ashim\.m2\repository\io\smallrye\reactive\smallrye-reactive-converter-mutiny\3.0.0\smallrye-reactive-converter-mutiny-3.0.0.jar;C:\Users\ashim\.m2\repository\io\smallrye\reactive\mutiny-zero-flow-adapters\1.0.0\mutiny-zero-flow-adapters-1.0.0.jar;C:\Users\ashim\.m2\repository\org\jboss\narayana\jta\narayana-jta\6.0.1.Final\narayana-jta-6.0.1.Final.jar;C:\Users\ashim\.m2\repository\jakarta\resource\jakarta.resource-api\2.0.0\jakarta.resource-api-2.0.0.jar;C:\Users\ashim\.m2\repository\org\jboss\invocation\jboss-invocation\2.0.0.Final\jboss-invocation-2.0.0.Final.jar;C:\Users\ashim\.m2\repository\jakarta\ejb\jakarta.ejb-api\4.0.1\jakarta.ejb-api-4.0.1.jar;C:\Users\ashim\.m2\repository\org\eclipse\microprofile\reactive-streams-operators\microprofile-reactive-streams-operators-api\3.0\microprofile-reactive-streams-operators-api-3.0.jar;C:\Users\ashim\.m2\repository\org\jboss\narayana\jts\narayana-jts-integration\6.0.1.Final\narayana-jts-integration-6.0.1.Final.jar;C:\Users\ashim\.m2\repository\org\hibernate\orm\hibernate-core\6.2.5.Final\hibernate-core-6.2.5.Final.jar;C:\Users\ashim\.m2\repository\com\fasterxml\classmate\1.5.1\classmate-1.5.1.jar;C:\Users\ashim\.m2\repository\org\antlr\antlr4-runtime\4.10.1\antlr4-runtime-4.10.1.jar;C:\Users\ashim\.m2\repository\net\bytebuddy\byte-buddy\1.12.18\byte-buddy-1.12.18.jar;C:\Users\ashim\.m2\repository\org\hibernate\common\hibernate-commons-annotations\6.0.6.Final\hibernate-commons-annotations-6.0.6.Final.jar;C:\Users\ashim\.m2\repository\org\hibernate\orm\hibernate-graalvm\6.2.5.Final\hibernate-graalvm-6.2.5.Final.jar;C:\Users\ashim\.m2\repository\org\glassfish\jaxb\jaxb-runtime\4.0.2\jaxb-runtime-4.0.2.jar;C:\Users\ashim\.m2\repository\org\glassfish\jaxb\jaxb-core\4.0.2\jaxb-core-4.0.2.jar;C:\Users\ashim\.m2\repository\org\eclipse\angus\angus-activation\2.0.1\angus-activation-2.0.1.jar;C:\Users\ashim\.m2\repository\org\glassfish\jaxb\txw2\4.0.2\txw2-4.0.2.jar;C:\Users\ashim\.m2\repository\com\sun\istack\istack-commons-runtime\4.1.1\istack-commons-runtime-4.1.1.jar;C:\Users\ashim\.m2\repository\jakarta\xml\bind\jakarta.xml.bind-api\4.0.0\jakarta.xml.bind-api-4.0.0.jar;C:\Users\ashim\.m2\repository\jakarta\activation\jakarta.activation-api\2.1.2\jakarta.activation-api-2.1.2.jar;C:\Users\ashim\.m2\repository\jakarta\transaction\jakarta.transaction-api\2.0.1\jakarta.transaction-api-2.0.1.jar;C:\Users\ashim\.m2\repository\org\hibernate\quarkus-local-cache\0.2.1\quarkus-local-cache-0.2.1.jar;C:\Users\ashim\.m2\repository\io\quarkus\quarkus-caffeine\3.1.3.Final\quarkus-caffeine-3.1.3.Final.jar;C:\Users\ashim\.m2\repository\com\github\ben-manes\caffeine\caffeine\3.1.5\caffeine-3.1.5.jar;C:\Users\ashim\.m2\repository\com\google\errorprone\error_prone_annotations\2.19.1\error_prone_annotations-2.19.1.jar;C:\Users\ashim\.m2\repository\io\quarkus\quarkus-hibernate-orm-panache-common\3.1.3.Final\quarkus-hibernate-orm-panache-common-3.1.3.Final.jar;C:\Users\ashim\.m2\repository\io\quarkus\quarkus-panache-hibernate-common\3.1.3.Final\quarkus-panache-hibernate-common-3.1.3.Final.jar;C:\Users\ashim\.m2\repository\io\quarkus\quarkus-panache-common\3.1.3.Final\quarkus-panache-common-3.1.3.Final.jar;C:\Users\ashim\.m2\repository\io\quarkus\quarkus-jdbc-mysql\3.1.3.Final\quarkus-jdbc-mysql-3.1.3.Final.jar;C:\Users\ashim\.m2\repository\mysql\mysql-connector-java\8.0.30\mysql-connector-java-8.0.30.jar;C:\Users\ashim\.m2\repository\io\quarkus\quarkus-arc\3.1.3.Final\quarkus-arc-3.1.3.Final.jar;C:\Users\ashim\.m2\repository\io\quarkus\arc\arc\3.1.3.Final\arc-3.1.3.Final.jar;C:\Users\ashim\.m2\repository\jakarta\enterprise\jakarta.enterprise.cdi-api\4.0.1\jakarta.enterprise.cdi-api-4.0.1.jar;C:\Users\ashim\.m2\repository\jakarta\enterprise\jakarta.enterprise.lang-model\4.0.1\jakarta.enterprise.lang-model-4.0.1.jar;C:\Users\ashim\.m2\repository\jakarta\el\jakarta.el-api\5.0.1\jakarta.el-api-5.0.1.jar;C:\Users\ashim\.m2\repository\jakarta\interceptor\jakarta.interceptor-api\2.1.0\jakarta.interceptor-api-2.1.0.jar;C:\Users\ashim\.m2\repository\jakarta\annotation\jakarta.annotation-api\2.1.1\jakarta.annotation-api-2.1.1.jar;C:\Users\ashim\.m2\repository\io\smallrye\reactive\mutiny\2.3.1\mutiny-2.3.1.jar;C:\Users\ashim\.m2\repository\io\smallrye\common\smallrye-common-annotation\2.1.0\smallrye-common-annotation-2.1.0.jar;C:\Users\ashim\.m2\repository\org\jboss\logging\jboss-logging\3.5.1.Final\jboss-logging-3.5.1.Final.jar;C:\Users\ashim\.m2\repository\io\quarkus\quarkus-core\3.1.3.Final\quarkus-core-3.1.3.Final.jar;C:\Users\ashim\.m2\repository\jakarta\inject\jakarta.inject-api\2.0.1\jakarta.inject-api-2.0.1.jar;C:\Users\ashim\.m2\repository\io\smallrye\common\smallrye-common-os\2.1.0\smallrye-common-os-2.1.0.jar;C:\Users\ashim\.m2\repository\io\quarkus\quarkus-ide-launcher\3.1.3.Final\quarkus-ide-launcher-3.1.3.Final.jar;C:\Users\ashim\.m2\repository\io\quarkus\quarkus-development-mode-spi\3.1.3.Final\quarkus-development-mode-spi-3.1.3.Final.jar;C:\Users\ashim\.m2\repository\io\smallrye\config\smallrye-config\3.2.1\smallrye-config-3.2.1.jar;C:\Users\ashim\.m2\repository\io\smallrye\config\smallrye-config-core\3.2.1\smallrye-config-core-3.2.1.jar;C:\Users\ashim\.m2\repository\io\smallrye\common\smallrye-common-expression\2.1.0\smallrye-common-expression-2.1.0.jar;C:\Users\ashim\.m2\repository\io\smallrye\common\smallrye-common-function\2.1.0\smallrye-common-function-2.1.0.jar;C:\Users\ashim\.m2\repository\io\smallrye\common\smallrye-common-classloader\2.1.0\smallrye-common-classloader-2.1.0.jar;C:\Users\ashim\.m2\repository\io\smallrye\config\smallrye-config-common\3.2.1\smallrye-config-common-3.2.1.jar;C:\Users\ashim\.m2\repository\org\jboss\logmanager\jboss-logmanager-embedded\1.1.1\jboss-logmanager-embedded-1.1.1.jar;C:\Users\ashim\.m2\repository\org\jboss\logging\jboss-logging-annotations\2.2.1.Final\jboss-logging-annotations-2.2.1.Final.jar;C:\Users\ashim\.m2\repository\org\jboss\threads\jboss-threads\3.5.0.Final\jboss-threads-3.5.0.Final.jar;C:\Users\ashim\.m2\repository\org\slf4j\slf4j-api\2.0.6\slf4j-api-2.0.6.jar;C:\Users\ashim\.m2\repository\org\jboss\slf4j\slf4j-jboss-logmanager\2.0.0.Final\slf4j-jboss-logmanager-2.0.0.Final.jar;C:\Users\ashim\.m2\repository\org\graalvm\sdk\graal-sdk\22.3.2\graal-sdk-22.3.2.jar;C:\Users\ashim\.m2\repository\org\wildfly\common\wildfly-common\1.5.4.Final-format-001\wildfly-common-1.5.4.Final-format-001.jar;C:\Users\ashim\.m2\repository\io\quarkus\quarkus-bootstrap-runner\3.1.3.Final\quarkus-bootstrap-runner-3.1.3.Final.jar;C:\Users\ashim\.m2\repository\io\quarkus\quarkus-fs-util\0.0.9\quarkus-fs-util-0.0.9.jar;C:\Users\ashim\.m2\repository\org\eclipse\microprofile\context-propagation\microprofile-context-propagation-api\1.3\microprofile-context-propagation-api-1.3.jar;C:\Users\ashim\.m2\repository\io\quarkus\quarkus-junit5\3.1.3.Final\quarkus-junit5-3.1.3.Final.jar;C:\Users\ashim\.m2\repository\io\quarkus\quarkus-bootstrap-core\3.1.3.Final\quarkus-bootstrap-core-3.1.3.Final.jar;C:\Users\ashim\.m2\repository\io\quarkus\quarkus-bootstrap-app-model\3.1.3.Final\quarkus-bootstrap-app-model-3.1.3.Final.jar;C:\Users\ashim\.m2\repository\io\smallrye\common\smallrye-common-io\2.1.0\smallrye-common-io-2.1.0.jar;C:\Users\ashim\.m2\repository\org\eclipse\sisu\org.eclipse.sisu.inject\0.3.5\org.eclipse.sisu.inject-0.3.5.jar;C:\Users\ashim\.m2\repository\io\quarkus\quarkus-test-common\3.1.3.Final\quarkus-test-common-3.1.3.Final.jar;C:\Users\ashim\.m2\repository\io\quarkus\quarkus-core-deployment\3.1.3.Final\quarkus-core-deployment-3.1.3.Final.jar;C:\Users\ashim\.m2\repository\org\aesh\readline\2.4\readline-2.4.jar;C:\Users\ashim\.m2\repository\org\fusesource\jansi\jansi\2.4.0\jansi-2.4.0.jar;C:\Users\ashim\.m2\repository\org\aesh\aesh\2.7\aesh-2.7.jar;C:\Users\ashim\.m2\repository\io\quarkus\gizmo\gizmo\1.6.1.Final\gizmo-1.6.1.Final.jar;C:\Users\ashim\.m2\repository\org\ow2\asm\asm-util\9.5\asm-util-9.5.jar;C:\Users\ashim\.m2\repository\org\ow2\asm\asm-analysis\9.5\asm-analysis-9.5.jar;C:\Users\ashim\.m2\repository\org\ow2\asm\asm\9.5\asm-9.5.jar;C:\Users\ashim\.m2\repository\org\ow2\asm\asm-commons\9.5\asm-commons-9.5.jar;C:\Users\ashim\.m2\repository\org\ow2\asm\asm-tree\9.5\asm-tree-9.5.jar;C:\Users\ashim\.m2\repository\io\quarkus\quarkus-class-change-agent\3.1.3.Final\quarkus-class-change-agent-3.1.3.Final.jar;C:\Users\ashim\.m2\repository\io\quarkus\quarkus-devtools-utilities\3.1.3.Final\quarkus-devtools-utilities-3.1.3.Final.jar;C:\Users\ashim\.m2\repository\io\quarkus\quarkus-builder\3.1.3.Final\quarkus-builder-3.1.3.Final.jar;C:\Users\ashim\.m2\repository\org\junit\platform\junit-platform-launcher\1.9.3\junit-platform-launcher-1.9.3.jar;C:\Users\ashim\.m2\repository\io\quarkus\quarkus-bootstrap-maven-resolver\3.1.3.Final\quarkus-bootstrap-maven-resolver-3.1.3.Final.jar;C:\Users\ashim\.m2\repository\io\smallrye\beanbag\smallrye-beanbag-maven\1.3.2\smallrye-beanbag-maven-1.3.2.jar;C:\Users\ashim\.m2\repository\io\smallrye\beanbag\smallrye-beanbag-sisu\1.3.2\smallrye-beanbag-sisu-1.3.2.jar;C:\Users\ashim\.m2\repository\io\smallrye\beanbag\smallrye-beanbag\1.3.2\smallrye-beanbag-1.3.2.jar;C:\Users\ashim\.m2\repository\javax\inject\javax.inject\1\javax.inject-1.jar;C:\Users\ashim\.m2\repository\org\apache\maven\maven-artifact\3.9.2\maven-artifact-3.9.2.jar;C:\Users\ashim\.m2\repository\org\apache\maven\maven-builder-support\3.9.2\maven-builder-support-3.9.2.jar;C:\Users\ashim\.m2\repository\org\apache\maven\maven-model\3.9.2\maven-model-3.9.2.jar;C:\Users\ashim\.m2\repository\org\apache\maven\maven-model-builder\3.9.2\maven-model-builder-3.9.2.jar;C:\Users\ashim\.m2\repository\org\apache\maven\maven-repository-metadata\3.9.2\maven-repository-metadata-3.9.2.jar;C:\Users\ashim\.m2\repository\org\apache\maven\maven-settings\3.9.2\maven-settings-3.9.2.jar;C:\Users\ashim\.m2\repository\org\apache\maven\resolver\maven-resolver-api\1.9.10\maven-resolver-api-1.9.10.jar;C:\Users\ashim\.m2\repository\org\apache\maven\resolver\maven-resolver-impl\1.9.10\maven-resolver-impl-1.9.10.jar;C:\Users\ashim\.m2\repository\org\apache\maven\resolver\maven-resolver-named-locks\1.9.10\maven-resolver-named-locks-1.9.10.jar;C:\Users\ashim\.m2\repository\org\apache\maven\resolver\maven-resolver-spi\1.9.10\maven-resolver-spi-1.9.10.jar;C:\Users\ashim\.m2\repository\org\apache\maven\resolver\maven-resolver-util\1.9.10\maven-resolver-util-1.9.10.jar;C:\Users\ashim\.m2\repository\org\apache\maven\resolver\maven-resolver-transport-http\1.9.10\maven-resolver-transport-http-1.9.10.jar;C:\Users\ashim\.m2\repository\org\apache\maven\wagon\wagon-provider-api\3.5.3\wagon-provider-api-3.5.3.jar;C:\Users\ashim\.m2\repository\org\apache\maven\wagon\wagon-http-shared\3.5.3\wagon-http-shared-3.5.3.jar;C:\Users\ashim\.m2\repository\org\codehaus\plexus\plexus-interpolation\1.26\plexus-interpolation-1.26.jar;C:\Users\ashim\.m2\repository\org\codehaus\plexus\plexus-utils\3.5.1\plexus-utils-3.5.1.jar;C:\Users\ashim\.m2\repository\org\codehaus\plexus\plexus-xml\4.0.0\plexus-xml-4.0.0.jar;C:\Users\ashim\.m2\repository\org\apache\maven\maven-xml-impl\4.0.0-alpha-5\maven-xml-impl-4.0.0-alpha-5.jar;C:\Users\ashim\.m2\repository\org\apache\maven\maven-api-xml\4.0.0-alpha-5\maven-api-xml-4.0.0-alpha-5.jar;C:\Users\ashim\.m2\repository\org\apache\maven\maven-api-meta\4.0.0-alpha-5\maven-api-meta-4.0.0-alpha-5.jar;C:\Users\ashim\.m2\repository\org\codehaus\plexus\plexus-cipher\2.0\plexus-cipher-2.0.jar;C:\Users\ashim\.m2\repository\org\codehaus\plexus\plexus-sec-dispatcher\2.0\plexus-sec-dispatcher-2.0.jar;C:\Users\ashim\.m2\repository\org\apache\maven\maven-embedder\3.9.2\maven-embedder-3.9.2.jar;C:\Users\ashim\.m2\repository\org\apache\maven\maven-core\3.9.2\maven-core-3.9.2.jar;C:\Users\ashim\.m2\repository\org\codehaus\plexus\plexus-component-annotations\2.1.0\plexus-component-annotations-2.1.0.jar;C:\Users\ashim\.m2\repository\org\apache\maven\maven-plugin-api\3.9.2\maven-plugin-api-3.9.2.jar;C:\Users\ashim\.m2\repository\org\apache\maven\shared\maven-shared-utils\3.3.4\maven-shared-utils-3.3.4.jar;C:\Users\ashim\.m2\repository\com\google\inject\guice\5.1.0\guice-5.1.0.jar;C:\Users\ashim\.m2\repository\aopalliance\aopalliance\1.0\aopalliance-1.0.jar;C:\Users\ashim\.m2\repository\com\google\guava\guava\31.1-jre\guava-31.1-jre.jar;C:\Users\ashim\.m2\repository\com\google\guava\failureaccess\1.0.1\failureaccess-1.0.1.jar;C:\Users\ashim\.m2\repository\javax\annotation\javax.annotation-api\1.3.2\javax.annotation-api-1.3.2.jar;C:\Users\ashim\.m2\repository\org\codehaus\plexus\plexus-classworlds\2.6.0\plexus-classworlds-2.6.0.jar;C:\Users\ashim\.m2\repository\commons-cli\commons-cli\1.5.0\commons-cli-1.5.0.jar;C:\Users\ashim\.m2\repository\org\eclipse\sisu\org.eclipse.sisu.plexus\0.3.5\org.eclipse.sisu.plexus-0.3.5.jar;C:\Users\ashim\.m2\repository\org\apache\maven\maven-settings-builder\3.9.2\maven-settings-builder-3.9.2.jar;C:\Users\ashim\.m2\repository\org\apache\maven\maven-resolver-provider\3.9.2\maven-resolver-provider-3.9.2.jar;C:\Users\ashim\.m2\repository\org\apache\maven\resolver\maven-resolver-connector-basic\1.9.10\maven-resolver-connector-basic-1.9.10.jar;C:\Users\ashim\.m2\repository\org\apache\maven\resolver\maven-resolver-transport-wagon\1.9.10\maven-resolver-transport-wagon-1.9.10.jar;C:\Users\ashim\.m2\repository\org\apache\maven\wagon\wagon-http\3.5.3\wagon-http-3.5.3.jar;C:\Users\ashim\.m2\repository\org\apache\maven\wagon\wagon-file\3.5.3\wagon-file-3.5.3.jar;C:\Users\ashim\.m2\repository\io\quarkus\quarkus-bootstrap-gradle-resolver\3.1.3.Final\quarkus-bootstrap-gradle-resolver-3.1.3.Final.jar;C:\Users\ashim\.m2\repository\io\smallrye\jandex\3.1.1\jandex-3.1.1.jar;C:\Users\ashim\.m2\repository\commons-io\commons-io\2.11.0\commons-io-2.11.0.jar;C:\Users\ashim\.m2\repository\org\jboss\logging\commons-logging-jboss-logging\1.0.0.Final\commons-logging-jboss-logging-1.0.0.Final.jar;C:\Users\ashim\.m2\repository\io\quarkus\quarkus-junit5-properties\3.1.3.Final\quarkus-junit5-properties-3.1.3.Final.jar;C:\Users\ashim\.m2\repository\org\junit\jupiter\junit-jupiter\5.9.3\junit-jupiter-5.9.3.jar;C:\Users\ashim\.m2\repository\org\junit\jupiter\junit-jupiter-api\5.9.3\junit-jupiter-api-5.9.3.jar;C:\Users\ashim\.m2\repository\org\opentest4j\opentest4j\1.2.0\opentest4j-1.2.0.jar;C:\Users\ashim\.m2\repository\org\junit\platform\junit-platform-commons\1.9.3\junit-platform-commons-1.9.3.jar;C:\Users\ashim\.m2\repository\org\apiguardian\apiguardian-api\1.1.2\apiguardian-api-1.1.2.jar;C:\Users\ashim\.m2\repository\org\junit\jupiter\junit-jupiter-params\5.9.3\junit-jupiter-params-5.9.3.jar;C:\Users\ashim\.m2\repository\org\junit\jupiter\junit-jupiter-engine\5.9.3\junit-jupiter-engine-5.9.3.jar;C:\Users\ashim\.m2\repository\org\junit\platform\junit-platform-engine\1.9.3\junit-platform-engine-1.9.3.jar;C:\Users\ashim\.m2\repository\com\thoughtworks\xstream\xstream\1.4.20\xstream-1.4.20.jar;C:\Users\ashim\.m2\repository\io\github\x-stream\mxparser\1.2.2\mxparser-1.2.2.jar;C:\Users\ashim\.m2\repository\xmlpull\xmlpull\1.1.3.1\xmlpull-1.1.3.1.jar;C:\Users\ashim\.m2\repository\io\quarkus\quarkus-smallrye-openapi\3.1.3.Final\quarkus-smallrye-openapi-3.1.3.Final.jar;C:\Users\ashim\.m2\repository\io\smallrye\smallrye-open-api-core\3.3.4\smallrye-open-api-core-3.3.4.jar;C:\Users\ashim\.m2\repository\org\eclipse\microprofile\openapi\microprofile-openapi-api\3.1\microprofile-openapi-api-3.1.jar;C:\Users\ashim\.m2\repository\org\eclipse\microprofile\config\microprofile-config-api\3.0.3\microprofile-config-api-3.0.3.jar;C:\Users\ashim\.m2\repository\com\fasterxml\jackson\core\jackson-core\2.15.2\jackson-core-2.15.2.jar;C:\Users\ashim\.m2\repository\com\fasterxml\jackson\core\jackson-databind\2.15.2\jackson-databind-2.15.2.jar;C:\Users\ashim\.m2\repository\com\fasterxml\jackson\core\jackson-annotations\2.15.2\jackson-annotations-2.15.2.jar;C:\Users\ashim\.m2\repository\com\fasterxml\jackson\dataformat\jackson-dataformat-yaml\2.15.2\jackson-dataformat-yaml-2.15.2.jar;C:\Users\ashim\.m2\repository\org\yaml\snakeyaml\2.0\snakeyaml-2.0.jar;C:\Users\ashim\.m2\repository\io\quarkus\quarkus-vertx-http\3.1.3.Final\quarkus-vertx-http-3.1.3.Final.jar;C:\Users\ashim\.m2\repository\io\quarkus\quarkus-security-runtime-spi\3.1.3.Final\quarkus-security-runtime-spi-3.1.3.Final.jar;C:\Users\ashim\.m2\repository\io\quarkus\quarkus-credentials\3.1.3.Final\quarkus-credentials-3.1.3.Final.jar;C:\Users\ashim\.m2\repository\io\quarkus\quarkus-mutiny\3.1.3.Final\quarkus-mutiny-3.1.3.Final.jar;C:\Users\ashim\.m2\repository\io\quarkus\quarkus-smallrye-context-propagation\3.1.3.Final\quarkus-smallrye-context-propagation-3.1.3.Final.jar;C:\Users\ashim\.m2\repository\io\smallrye\smallrye-context-propagation\2.1.0\smallrye-context-propagation-2.1.0.jar;C:\Users\ashim\.m2\repository\io\smallrye\smallrye-context-propagation-api\2.1.0\smallrye-context-propagation-api-2.1.0.jar;C:\Users\ashim\.m2\repository\io\smallrye\smallrye-context-propagation-storage\2.1.0\smallrye-context-propagation-storage-2.1.0.jar;C:\Users\ashim\.m2\repository\io\smallrye\reactive\mutiny-smallrye-context-propagation\2.3.1\mutiny-smallrye-context-propagation-2.3.1.jar;C:\Users\ashim\.m2\repository\io\smallrye\common\smallrye-common-vertx-context\2.1.0\smallrye-common-vertx-context-2.1.0.jar;C:\Users\ashim\.m2\repository\io\vertx\vertx-core\4.4.4\vertx-core-4.4.4.jar;C:\Users\ashim\.m2\repository\io\netty\netty-common\4.1.94.Final\netty-common-4.1.94.Final.jar;C:\Users\ashim\.m2\repository\io\netty\netty-buffer\4.1.94.Final\netty-buffer-4.1.94.Final.jar;C:\Users\ashim\.m2\repository\io\netty\netty-transport\4.1.94.Final\netty-transport-4.1.94.Final.jar;C:\Users\ashim\.m2\repository\io\netty\netty-handler\4.1.94.Final\netty-handler-4.1.94.Final.jar;C:\Users\ashim\.m2\repository\io\netty\netty-transport-native-unix-common\4.1.94.Final\netty-transport-native-unix-common-4.1.94.Final.jar;C:\Users\ashim\.m2\repository\io\netty\netty-handler-proxy\4.1.94.Final\netty-handler-proxy-4.1.94.Final.jar;C:\Users\ashim\.m2\repository\io\netty\netty-codec-socks\4.1.94.Final\netty-codec-socks-4.1.94.Final.jar;C:\Users\ashim\.m2\repository\io\netty\netty-codec-http\4.1.94.Final\netty-codec-http-4.1.94.Final.jar;C:\Users\ashim\.m2\repository\io\netty\netty-codec-http2\4.1.94.Final\netty-codec-http2-4.1.94.Final.jar;C:\Users\ashim\.m2\repository\io\netty\netty-resolver\4.1.94.Final\netty-resolver-4.1.94.Final.jar;C:\Users\ashim\.m2\repository\io\netty\netty-resolver-dns\4.1.94.Final\netty-resolver-dns-4.1.94.Final.jar;C:\Users\ashim\.m2\repository\io\netty\netty-codec-dns\4.1.94.Final\netty-codec-dns-4.1.94.Final.jar;C:\Users\ashim\.m2\repository\io\smallrye\common\smallrye-common-constraint\2.1.0\smallrye-common-constraint-2.1.0.jar;C:\Users\ashim\.m2\repository\io\quarkus\quarkus-vertx-http-dev-console-runtime-spi\3.1.3.Final\quarkus-vertx-http-dev-console-runtime-spi-3.1.3.Final.jar;C:\Users\ashim\.m2\repository\io\quarkus\security\quarkus-security\2.0.2.Final\quarkus-security-2.0.2.Final.jar;C:\Users\ashim\.m2\repository\io\quarkus\quarkus-vertx\3.1.3.Final\quarkus-vertx-3.1.3.Final.jar;C:\Users\ashim\.m2\repository\io\quarkus\quarkus-netty\3.1.3.Final\quarkus-netty-3.1.3.Final.jar;C:\Users\ashim\.m2\repository\io\netty\netty-codec\4.1.94.Final\netty-codec-4.1.94.Final.jar;C:\Users\ashim\.m2\repository\com\aayushatharva\brotli4j\brotli4j\1.12.0\brotli4j-1.12.0.jar;C:\Users\ashim\.m2\repository\com\aayushatharva\brotli4j\service\1.12.0\service-1.12.0.jar;C:\Users\ashim\.m2\repository\com\aayushatharva\brotli4j\native-windows-x86_64\1.12.0\native-windows-x86_64-1.12.0.jar;C:\Users\ashim\.m2\repository\io\netty\netty-codec-haproxy\4.1.94.Final\netty-codec-haproxy-4.1.94.Final.jar;C:\Users\ashim\.m2\repository\io\quarkus\quarkus-vertx-latebound-mdc-provider\3.1.3.Final\quarkus-vertx-latebound-mdc-provider-3.1.3.Final.jar;C:\Users\ashim\.m2\repository\io\smallrye\smallrye-fault-tolerance-vertx\6.2.3\smallrye-fault-tolerance-vertx-6.2.3.jar;C:\Users\ashim\.m2\repository\io\smallrye\reactive\smallrye-mutiny-vertx-web\3.5.0\smallrye-mutiny-vertx-web-3.5.0.jar;C:\Users\ashim\.m2\repository\io\smallrye\reactive\smallrye-mutiny-vertx-web-common\3.5.0\smallrye-mutiny-vertx-web-common-3.5.0.jar;C:\Users\ashim\.m2\repository\io\smallrye\reactive\smallrye-mutiny-vertx-auth-common\3.5.0\smallrye-mutiny-vertx-auth-common-3.5.0.jar;C:\Users\ashim\.m2\repository\io\smallrye\reactive\smallrye-mutiny-vertx-bridge-common\3.5.0\smallrye-mutiny-vertx-bridge-common-3.5.0.jar;C:\Users\ashim\.m2\repository\io\smallrye\reactive\smallrye-mutiny-vertx-uri-template\3.5.0\smallrye-mutiny-vertx-uri-template-3.5.0.jar;C:\Users\ashim\.m2\repository\io\vertx\vertx-uri-template\4.4.4\vertx-uri-template-4.4.4.jar;C:\Users\ashim\.m2\repository\io\vertx\vertx-web\4.4.4\vertx-web-4.4.4.jar;C:\Users\ashim\.m2\repository\io\vertx\vertx-web-common\4.4.4\vertx-web-common-4.4.4.jar;C:\Users\ashim\.m2\repository\io\vertx\vertx-auth-common\4.4.4\vertx-auth-common-4.4.4.jar;C:\Users\ashim\.m2\repository\io\vertx\vertx-bridge-common\4.4.4\vertx-bridge-common-4.4.4.jar;C:\Users\ashim\.m2\repository\io\github\crac\org-crac\0.1.3\org-crac-0.1.3.jar;C:\Users\ashim\.m2\repository\io\quarkus\quarkus-swagger-ui\3.1.3.Final\quarkus-swagger-ui-3.1.3.Final.jar;C:\Users\ashim\.m2\repository\io\rest-assured\rest-assured\5.3.0\rest-assured-5.3.0.jar;C:\Users\ashim\.m2\repository\org\apache\groovy\groovy\4.0.6\groovy-4.0.6.jar;C:\Users\ashim\.m2\repository\org\apache\groovy\groovy-xml\4.0.6\groovy-xml-4.0.6.jar;C:\Users\ashim\.m2\repository\org\apache\httpcomponents\httpclient\4.5.14\httpclient-4.5.14.jar;C:\Users\ashim\.m2\repository\org\apache\httpcomponents\httpcore\4.4.16\httpcore-4.4.16.jar;C:\Users\ashim\.m2\repository\commons-codec\commons-codec\1.15\commons-codec-1.15.jar;C:\Users\ashim\.m2\repository\org\apache\httpcomponents\httpmime\4.5.14\httpmime-4.5.14.jar;C:\Users\ashim\.m2\repository\org\hamcrest\hamcrest\2.1\hamcrest-2.1.jar;C:\Users\ashim\.m2\repository\org\ccil\cowan\tagsoup\tagsoup\1.2.1\tagsoup-1.2.1.jar;C:\Users\ashim\.m2\repository\io\rest-assured\json-path\5.3.0\json-path-5.3.0.jar;C:\Users\ashim\.m2\repository\org\apache\groovy\groovy-json\4.0.6\groovy-json-4.0.6.jar;C:\Users\ashim\.m2\repository\io\rest-assured\rest-assured-common\5.3.0\rest-assured-common-5.3.0.jar;C:\Users\ashim\.m2\repository\io\rest-assured\xml-path\5.3.0\xml-path-5.3.0.jar;C:\Users\ashim\.m2\repository\org\apache\commons\commons-lang3\3.12.0\commons-lang3-3.12.0.jar;"/>
    <property name="java.vm.vendor" value="Oracle Corporation"/>
    <property name="sun.arch.data.model" value="64"/>
    <property name="user.variant" value=""/>
    <property name="java.vendor.url" value="https://java.oracle.com/"/>
    <property name="user.timezone" value="Asia/Calcutta"/>
    <property name="os.name" value="Windows 11"/>
    <property name="java.vm.specification.version" value="21"/>
    <property name="sun.java.launcher" value="SUN_STANDARD"/>
    <property name="user.country" value="US"/>
    <property name="mp.openapi.extensions.smallrye.defaultProduces" value="application/json"/>
    <property name="sun.boot.library.path" value="C:\Program Files\Java\jdk-21\bin"/>
    <property name="sun.java.command" value="C:\Users\ashim\AppData\Local\Temp\surefire3357256091526739340\surefirebooter-20240601173735926_3.jar C:\Users\ashim\AppData\Local\Temp\surefire3357256091526739340 2024-06-01T17-37-35_482-jvmRun1 surefire-20240601173735926_1tmp surefire_0-20240601173735926_2tmp"/>
    <property name="maven.home" value="C:\maven\apache-maven-3.9.7-bin\apache-maven-3.9.7"/>
    <property name="jdk.debug" value="release"/>
    <property name="surefire.test.class.path" value="D:\JOB-Career-Study\QuarkusProject\Quarkus-Sakila\target\test-classes;D:\JOB-Career-Study\QuarkusProject\Quarkus-Sakila\target\classes;C:\Users\ashim\.m2\repository\io\quarkus\quarkus-resteasy-reactive-jackson\3.1.3.Final\quarkus-resteasy-reactive-jackson-3.1.3.Final.jar;C:\Users\ashim\.m2\repository\io\quarkus\quarkus-resteasy-reactive\3.1.3.Final\quarkus-resteasy-reactive-3.1.3.Final.jar;C:\Users\ashim\.m2\repository\io\quarkus\quarkus-resteasy-reactive-common\3.1.3.Final\quarkus-resteasy-reactive-common-3.1.3.Final.jar;C:\Users\ashim\.m2\repository\io\quarkus\resteasy\reactive\resteasy-reactive-common\3.1.3.Final\resteasy-reactive-common-3.1.3.Final.jar;C:\Users\ashim\.m2\repository\io\quarkus\resteasy\reactive\resteasy-reactive-common-types\3.1.3.Final\resteasy-reactive-common-types-3.1.3.Final.jar;C:\Users\ashim\.m2\repository\org\reactivestreams\reactive-streams\1.0.4\reactive-streams-1.0.4.jar;C:\Users\ashim\.m2\repository\io\quarkus\resteasy\reactive\resteasy-reactive-vertx\3.1.3.Final\resteasy-reactive-vertx-3.1.3.Final.jar;C:\Users\ashim\.m2\repository\io\smallrye\reactive\smallrye-mutiny-vertx-core\3.5.0\smallrye-mutiny-vertx-core-3.5.0.jar;C:\Users\ashim\.m2\repository\io\smallrye\reactive\smallrye-mutiny-vertx-runtime\3.5.0\smallrye-mutiny-vertx-runtime-3.5.0.jar;C:\Users\ashim\.m2\repository\io\smallrye\reactive\vertx-mutiny-generator\3.5.0\vertx-mutiny-generator-3.5.0.jar;C:\Users\ashim\.m2\repository\io\vertx\vertx-codegen\4.4.4\vertx-codegen-4.4.4.jar;C:\Users\ashim\.m2\repository\io\quarkus\resteasy\reactive\resteasy-reactive\3.1.3.Final\resteasy-reactive-3.1.3.Final.jar;C:\Users\ashim\.m2\repository\jakarta\ws\rs\jakarta.ws.rs-api\3.1.0\jakarta.ws.rs-api-3.1.0.jar;C:\Users\ashim\.m2\repository\io\quarkus\quarkus-jsonp\3.1.3.Final\quarkus-jsonp-3.1.3.Final.jar;C:\Users\ashim\.m2\repository\org\eclipse\parsson\parsson\1.1.1\parsson-1.1.1.jar;C:\Users\ashim\.m2\repository\jakarta\json\jakarta.json-api\2.1.1\jakarta.json-api-2.1.1.jar;C:\Users\ashim\.m2\repository\io\quarkus\quarkus-resteasy-reactive-jackson-common\3.1.3.Final\quarkus-resteasy-reactive-jackson-common-3.1.3.Final.jar;C:\Users\ashim\.m2\repository\io\quarkus\resteasy\reactive\resteasy-reactive-jackson\3.1.3.Final\resteasy-reactive-jackson-3.1.3.Final.jar;C:\Users\ashim\.m2\repository\io\quarkus\quarkus-jackson\3.1.3.Final\quarkus-jackson-3.1.3.Final.jar;C:\Users\ashim\.m2\repository\com\fasterxml\jackson\datatype\jackson-datatype-jsr310\2.15.2\jackson-datatype-jsr310-2.15.2.jar;C:\Users\ashim\.m2\repository\com\fasterxml\jackson\datatype\jackson-datatype-jdk8\2.15.2\jackson-datatype-jdk8-2.15.2.jar;C:\Users\ashim\.m2\repository\com\fasterxml\jackson\module\jackson-module-parameter-names\2.15.2\jackson-module-parameter-names-2.15.2.jar;C:\Users\ashim\.m2\repository\io\quarkiverse\jpastreamer\quarkus-jpastreamer\3.0.3.Final\quarkus-jpastreamer-3.0.3.Final.jar;C:\Users\ashim\.m2\repository\com\speedment\jpastreamer\jpastreamer-core\3.0.4\jpastreamer-core-3.0.4.jar;C:\Users\ashim\.m2\repository\jakarta\persistence\jakarta.persistence-api\3.1.0\jakarta.persistence-api-3.1.0.jar;C:\Users\ashim\.m2\repository\com\speedment\jpastreamer\field\3.0.4\field-3.0.4.jar;C:\Users\ashim\.m2\repository\com\speedment\common\invariant\3.2.10\invariant-3.2.10.jar;C:\Users\ashim\.m2\repository\com\speedment\common\function\3.2.10\function-3.2.10.jar;C:\Users\ashim\.m2\repository\com\speedment\runtime\runtime-compute\3.2.10\runtime-compute-3.2.10.jar;C:\Users\ashim\.m2\repository\com\speedment\jpastreamer\application-standard\3.0.4\application-standard-3.0.4.jar;C:\Users\ashim\.m2\repository\com\speedment\jpastreamer\application\3.0.4\application-3.0.4.jar;C:\Users\ashim\.m2\repository\com\speedment\jpastreamer\projection\3.0.4\projection-3.0.4.jar;C:\Users\ashim\.m2\repository\com\speedment\jpastreamer\pipeline\3.0.4\pipeline-3.0.4.jar;C:\Users\ashim\.m2\repository\com\speedment\jpastreamer\streamconfiguration\3.0.4\streamconfiguration-3.0.4.jar;C:\Users\ashim\.m2\repository\com\speedment\jpastreamer\renderer\3.0.4\renderer-3.0.4.jar;C:\Users\ashim\.m2\repository\com\speedment\jpastreamer\builder\3.0.4\builder-3.0.4.jar;C:\Users\ashim\.m2\repository\com\speedment\jpastreamer\autoclose\3.0.4\autoclose-3.0.4.jar;C:\Users\ashim\.m2\repository\com\speedment\jpastreamer\appinfo\3.0.4\appinfo-3.0.4.jar;C:\Users\ashim\.m2\repository\com\speedment\jpastreamer\rootfactory\3.0.4\rootfactory-3.0.4.jar;C:\Users\ashim\.m2\repository\com\speedment\jpastreamer\streamconfiguration-standard\3.0.4\streamconfiguration-standard-3.0.4.jar;C:\Users\ashim\.m2\repository\com\speedment\jpastreamer\pipeline-standard\3.0.4\pipeline-standard-3.0.4.jar;C:\Users\ashim\.m2\repository\com\speedment\jpastreamer\javasixteen\3.0.4\javasixteen-3.0.4.jar;C:\Users\ashim\.m2\repository\com\speedment\jpastreamer\renderer-standard\3.0.4\renderer-standard-3.0.4.jar;C:\Users\ashim\.m2\repository\com\speedment\jpastreamer\criteria\3.0.4\criteria-3.0.4.jar;C:\Users\ashim\.m2\repository\com\speedment\jpastreamer\merger\3.0.4\merger-3.0.4.jar;C:\Users\ashim\.m2\repository\com\speedment\jpastreamer\interopoptimizer\3.0.4\interopoptimizer-3.0.4.jar;C:\Users\ashim\.m2\repository\com\speedment\jpastreamer\termopmodifier\3.0.4\termopmodifier-3.0.4.jar;C:\Users\ashim\.m2\repository\com\speedment\jpastreamer\termopoptimizer\3.0.4\termopoptimizer-3.0.4.jar;C:\Users\ashim\.m2\repository\com\speedment\jpastreamer\criteria-standard\3.0.4\criteria-standard-3.0.4.jar;C:\Users\ashim\.m2\repository\com\speedment\jpastreamer\exception\3.0.4\exception-3.0.4.jar;C:\Users\ashim\.m2\repository\com\speedment\jpastreamer\merger-standard\3.0.4\merger-standard-3.0.4.jar;C:\Users\ashim\.m2\repository\com\speedment\jpastreamer\builder-standard\3.0.4\builder-standard-3.0.4.jar;C:\Users\ashim\.m2\repository\com\speedment\jpastreamer\autoclose-standard\3.0.4\autoclose-standard-3.0.4.jar;C:\Users\ashim\.m2\repository\com\speedment\jpastreamer\interopoptimizer-standard\3.0.4\interopoptimizer-standard-3.0.4.jar;C:\Users\ashim\.m2\repository\com\speedment\jpastreamer\fieldgenerator-standard\3.0.4\fieldgenerator-standard-3.0.4.jar;C:\Users\ashim\.m2\repository\com\speedment\common\codegen\3.2.10\codegen-3.2.10.jar;C:\Users\ashim\.m2\repository\com\google\auto\service\auto-service-annotations\1.0.1\auto-service-annotations-1.0.1.jar;C:\Users\ashim\.m2\repository\com\speedment\jpastreamer\appinfo-standard\3.0.4\appinfo-standard-3.0.4.jar;C:\Users\ashim\.m2\repository\com\speedment\jpastreamer\termopmodifier-standard\3.0.4\termopmodifier-standard-3.0.4.jar;C:\Users\ashim\.m2\repository\com\speedment\jpastreamer\termopoptimizer-standard\3.0.4\termopoptimizer-standard-3.0.4.jar;C:\Users\ashim\.m2\repository\com\speedment\jpastreamer\announcer\3.0.4\announcer-3.0.4.jar;C:\Users\ashim\.m2\repository\io\quarkus\quarkus-hibernate-orm-panache\3.1.3.Final\quarkus-hibernate-orm-panache-3.1.3.Final.jar;C:\Users\ashim\.m2\repository\io\quarkus\quarkus-hibernate-orm\3.1.3.Final\quarkus-hibernate-orm-3.1.3.Final.jar;C:\Users\ashim\.m2\repository\io\quarkus\quarkus-agroal\3.1.3.Final\quarkus-agroal-3.1.3.Final.jar;C:\Users\ashim\.m2\repository\io\quarkus\quarkus-datasource\3.1.3.Final\quarkus-datasource-3.1.3.Final.jar;C:\Users\ashim\.m2\repository\io\quarkus\quarkus-datasource-common\3.1.3.Final\quarkus-datasource-common-3.1.3.Final.jar;C:\Users\ashim\.m2\repository\io\agroal\agroal-api\2.1\agroal-api-2.1.jar;C:\Users\ashim\.m2\repository\io\agroal\agroal-narayana\2.1\agroal-narayana-2.1.jar;C:\Users\ashim\.m2\repository\org\jboss\jboss-transaction-spi\8.0.0.Final\jboss-transaction-spi-8.0.0.Final.jar;C:\Users\ashim\.m2\repository\io\agroal\agroal-pool\2.1\agroal-pool-2.1.jar;C:\Users\ashim\.m2\repository\io\quarkus\quarkus-narayana-jta\3.1.3.Final\quarkus-narayana-jta-3.1.3.Final.jar;C:\Users\ashim\.m2\repository\io\quarkus\quarkus-transaction-annotations\3.1.3.Final\quarkus-transaction-annotations-3.1.3.Final.jar;C:\Users\ashim\.m2\repository\io\smallrye\smallrye-context-propagation-jta\2.1.0\smallrye-context-propagation-jta-2.1.0.jar;C:\Users\ashim\.m2\repository\io\smallrye\reactive\smallrye-reactive-converter-api\3.0.0\smallrye-reactive-converter-api-3.0.0.jar;C:\Users\ashim\.m2\repository\io\smallrye\reactive\smallrye-reactive-converter-mutiny\3.0.0\smallrye-reactive-converter-mutiny-3.0.0.jar;C:\Users\ashim\.m2\repository\io\smallrye\reactive\mutiny-zero-flow-adapters\1.0.0\mutiny-zero-flow-adapters-1.0.0.jar;C:\Users\ashim\.m2\repository\org\jboss\narayana\jta\narayana-jta\6.0.1.Final\narayana-jta-6.0.1.Final.jar;C:\Users\ashim\.m2\repository\jakarta\resource\jakarta.resource-api\2.0.0\jakarta.resource-api-2.0.0.jar;C:\Users\ashim\.m2\repository\org\jboss\invocation\jboss-invocation\2.0.0.Final\jboss-invocation-2.0.0.Final.jar;C:\Users\ashim\.m2\repository\jakarta\ejb\jakarta.ejb-api\4.0.1\jakarta.ejb-api-4.0.1.jar;C:\Users\ashim\.m2\repository\org\eclipse\microprofile\reactive-streams-operators\microprofile-reactive-streams-operators-api\3.0\microprofile-reactive-streams-operators-api-3.0.jar;C:\Users\ashim\.m2\repository\org\jboss\narayana\jts\narayana-jts-integration\6.0.1.Final\narayana-jts-integration-6.0.1.Final.jar;C:\Users\ashim\.m2\repository\org\hibernate\orm\hibernate-core\6.2.5.Final\hibernate-core-6.2.5.Final.jar;C:\Users\ashim\.m2\repository\com\fasterxml\classmate\1.5.1\classmate-1.5.1.jar;C:\Users\ashim\.m2\repository\org\antlr\antlr4-runtime\4.10.1\antlr4-runtime-4.10.1.jar;C:\Users\ashim\.m2\repository\net\bytebuddy\byte-buddy\1.12.18\byte-buddy-1.12.18.jar;C:\Users\ashim\.m2\repository\org\hibernate\common\hibernate-commons-annotations\6.0.6.Final\hibernate-commons-annotations-6.0.6.Final.jar;C:\Users\ashim\.m2\repository\org\hibernate\orm\hibernate-graalvm\6.2.5.Final\hibernate-graalvm-6.2.5.Final.jar;C:\Users\ashim\.m2\repository\org\glassfish\jaxb\jaxb-runtime\4.0.2\jaxb-runtime-4.0.2.jar;C:\Users\ashim\.m2\repository\org\glassfish\jaxb\jaxb-core\4.0.2\jaxb-core-4.0.2.jar;C:\Users\ashim\.m2\repository\org\eclipse\angus\angus-activation\2.0.1\angus-activation-2.0.1.jar;C:\Users\ashim\.m2\repository\org\glassfish\jaxb\txw2\4.0.2\txw2-4.0.2.jar;C:\Users\ashim\.m2\repository\com\sun\istack\istack-commons-runtime\4.1.1\istack-commons-runtime-4.1.1.jar;C:\Users\ashim\.m2\repository\jakarta\xml\bind\jakarta.xml.bind-api\4.0.0\jakarta.xml.bind-api-4.0.0.jar;C:\Users\ashim\.m2\repository\jakarta\activation\jakarta.activation-api\2.1.2\jakarta.activation-api-2.1.2.jar;C:\Users\ashim\.m2\repository\jakarta\transaction\jakarta.transaction-api\2.0.1\jakarta.transaction-api-2.0.1.jar;C:\Users\ashim\.m2\repository\org\hibernate\quarkus-local-cache\0.2.1\quarkus-local-cache-0.2.1.jar;C:\Users\ashim\.m2\repository\io\quarkus\quarkus-caffeine\3.1.3.Final\quarkus-caffeine-3.1.3.Final.jar;C:\Users\ashim\.m2\repository\com\github\ben-manes\caffeine\caffeine\3.1.5\caffeine-3.1.5.jar;C:\Users\ashim\.m2\repository\com\google\errorprone\error_prone_annotations\2.19.1\error_prone_annotations-2.19.1.jar;C:\Users\ashim\.m2\repository\io\quarkus\quarkus-hibernate-orm-panache-common\3.1.3.Final\quarkus-hibernate-orm-panache-common-3.1.3.Final.jar;C:\Users\ashim\.m2\repository\io\quarkus\quarkus-panache-hibernate-common\3.1.3.Final\quarkus-panache-hibernate-common-3.1.3.Final.jar;C:\Users\ashim\.m2\repository\io\quarkus\quarkus-panache-common\3.1.3.Final\quarkus-panache-common-3.1.3.Final.jar;C:\Users\ashim\.m2\repository\io\quarkus\quarkus-jdbc-mysql\3.1.3.Final\quarkus-jdbc-mysql-3.1.3.Final.jar;C:\Users\ashim\.m2\repository\mysql\mysql-connector-java\8.0.30\mysql-connector-java-8.0.30.jar;C:\Users\ashim\.m2\repository\io\quarkus\quarkus-arc\3.1.3.Final\quarkus-arc-3.1.3.Final.jar;C:\Users\ashim\.m2\repository\io\quarkus\arc\arc\3.1.3.Final\arc-3.1.3.Final.jar;C:\Users\ashim\.m2\repository\jakarta\enterprise\jakarta.enterprise.cdi-api\4.0.1\jakarta.enterprise.cdi-api-4.0.1.jar;C:\Users\ashim\.m2\repository\jakarta\enterprise\jakarta.enterprise.lang-model\4.0.1\jakarta.enterprise.lang-model-4.0.1.jar;C:\Users\ashim\.m2\repository\jakarta\el\jakarta.el-api\5.0.1\jakarta.el-api-5.0.1.jar;C:\Users\ashim\.m2\repository\jakarta\interceptor\jakarta.interceptor-api\2.1.0\jakarta.interceptor-api-2.1.0.jar;C:\Users\ashim\.m2\repository\jakarta\annotation\jakarta.annotation-api\2.1.1\jakarta.annotation-api-2.1.1.jar;C:\Users\ashim\.m2\repository\io\smallrye\reactive\mutiny\2.3.1\mutiny-2.3.1.jar;C:\Users\ashim\.m2\repository\io\smallrye\common\smallrye-common-annotation\2.1.0\smallrye-common-annotation-2.1.0.jar;C:\Users\ashim\.m2\repository\org\jboss\logging\jboss-logging\3.5.1.Final\jboss-logging-3.5.1.Final.jar;C:\Users\ashim\.m2\repository\io\quarkus\quarkus-core\3.1.3.Final\quarkus-core-3.1.3.Final.jar;C:\Users\ashim\.m2\repository\jakarta\inject\jakarta.inject-api\2.0.1\jakarta.inject-api-2.0.1.jar;C:\Users\ashim\.m2\repository\io\smallrye\common\smallrye-common-os\2.1.0\smallrye-common-os-2.1.0.jar;C:\Users\ashim\.m2\repository\io\quarkus\quarkus-ide-launcher\3.1.3.Final\quarkus-ide-launcher-3.1.3.Final.jar;C:\Users\ashim\.m2\repository\io\quarkus\quarkus-development-mode-spi\3.1.3.Final\quarkus-development-mode-spi-3.1.3.Final.jar;C:\Users\ashim\.m2\repository\io\smallrye\config\smallrye-config\3.2.1\smallrye-config-3.2.1.jar;C:\Users\ashim\.m2\repository\io\smallrye\config\smallrye-config-core\3.2.1\smallrye-config-core-3.2.1.jar;C:\Users\ashim\.m2\repository\io\smallrye\common\smallrye-common-expression\2.1.0\smallrye-common-expression-2.1.0.jar;C:\Users\ashim\.m2\repository\io\smallrye\common\smallrye-common-function\2.1.0\smallrye-common-function-2.1.0.jar;C:\Users\ashim\.m2\repository\io\smallrye\common\smallrye-common-classloader\2.1.0\smallrye-common-classloader-2.1.0.jar;C:\Users\ashim\.m2\repository\io\smallrye\config\smallrye-config-common\3.2.1\smallrye-config-common-3.2.1.jar;C:\Users\ashim\.m2\repository\org\jboss\logmanager\jboss-logmanager-embedded\1.1.1\jboss-logmanager-embedded-1.1.1.jar;C:\Users\ashim\.m2\repository\org\jboss\logging\jboss-logging-annotations\2.2.1.Final\jboss-logging-annotations-2.2.1.Final.jar;C:\Users\ashim\.m2\repository\org\jboss\threads\jboss-threads\3.5.0.Final\jboss-threads-3.5.0.Final.jar;C:\Users\ashim\.m2\repository\org\slf4j\slf4j-api\2.0.6\slf4j-api-2.0.6.jar;C:\Users\ashim\.m2\repository\org\jboss\slf4j\slf4j-jboss-logmanager\2.0.0.Final\slf4j-jboss-logmanager-2.0.0.Final.jar;C:\Users\ashim\.m2\repository\org\graalvm\sdk\graal-sdk\22.3.2\graal-sdk-22.3.2.jar;C:\Users\ashim\.m2\repository\org\wildfly\common\wildfly-common\1.5.4.Final-format-001\wildfly-common-1.5.4.Final-format-001.jar;C:\Users\ashim\.m2\repository\io\quarkus\quarkus-bootstrap-runner\3.1.3.Final\quarkus-bootstrap-runner-3.1.3.Final.jar;C:\Users\ashim\.m2\repository\io\quarkus\quarkus-fs-util\0.0.9\quarkus-fs-util-0.0.9.jar;C:\Users\ashim\.m2\repository\org\eclipse\microprofile\context-propagation\microprofile-context-propagation-api\1.3\microprofile-context-propagation-api-1.3.jar;C:\Users\ashim\.m2\repository\io\quarkus\quarkus-junit5\3.1.3.Final\quarkus-junit5-3.1.3.Final.jar;C:\Users\ashim\.m2\repository\io\quarkus\quarkus-bootstrap-core\3.1.3.Final\quarkus-bootstrap-core-3.1.3.Final.jar;C:\Users\ashim\.m2\repository\io\quarkus\quarkus-bootstrap-app-model\3.1.3.Final\quarkus-bootstrap-app-model-3.1.3.Final.jar;C:\Users\ashim\.m2\repository\io\smallrye\common\smallrye-common-io\2.1.0\smallrye-common-io-2.1.0.jar;C:\Users\ashim\.m2\repository\org\eclipse\sisu\org.eclipse.sisu.inject\0.3.5\org.eclipse.sisu.inject-0.3.5.jar;C:\Users\ashim\.m2\repository\io\quarkus\quarkus-test-common\3.1.3.Final\quarkus-test-common-3.1.3.Final.jar;C:\Users\ashim\.m2\repository\io\quarkus\quarkus-core-deployment\3.1.3.Final\quarkus-core-deployment-3.1.3.Final.jar;C:\Users\ashim\.m2\repository\org\aesh\readline\2.4\readline-2.4.jar;C:\Users\ashim\.m2\repository\org\fusesource\jansi\jansi\2.4.0\jansi-2.4.0.jar;C:\Users\ashim\.m2\repository\org\aesh\aesh\2.7\aesh-2.7.jar;C:\Users\ashim\.m2\repository\io\quarkus\gizmo\gizmo\1.6.1.Final\gizmo-1.6.1.Final.jar;C:\Users\ashim\.m2\repository\org\ow2\asm\asm-util\9.5\asm-util-9.5.jar;C:\Users\ashim\.m2\repository\org\ow2\asm\asm-analysis\9.5\asm-analysis-9.5.jar;C:\Users\ashim\.m2\repository\org\ow2\asm\asm\9.5\asm-9.5.jar;C:\Users\ashim\.m2\repository\org\ow2\asm\asm-commons\9.5\asm-commons-9.5.jar;C:\Users\ashim\.m2\repository\org\ow2\asm\asm-tree\9.5\asm-tree-9.5.jar;C:\Users\ashim\.m2\repository\io\quarkus\quarkus-class-change-agent\3.1.3.Final\quarkus-class-change-agent-3.1.3.Final.jar;C:\Users\ashim\.m2\repository\io\quarkus\quarkus-devtools-utilities\3.1.3.Final\quarkus-devtools-utilities-3.1.3.Final.jar;C:\Users\ashim\.m2\repository\io\quarkus\quarkus-builder\3.1.3.Final\quarkus-builder-3.1.3.Final.jar;C:\Users\ashim\.m2\repository\org\junit\platform\junit-platform-launcher\1.9.3\junit-platform-launcher-1.9.3.jar;C:\Users\ashim\.m2\repository\io\quarkus\quarkus-bootstrap-maven-resolver\3.1.3.Final\quarkus-bootstrap-maven-resolver-3.1.3.Final.jar;C:\Users\ashim\.m2\repository\io\smallrye\beanbag\smallrye-beanbag-maven\1.3.2\smallrye-beanbag-maven-1.3.2.jar;C:\Users\ashim\.m2\repository\io\smallrye\beanbag\smallrye-beanbag-sisu\1.3.2\smallrye-beanbag-sisu-1.3.2.jar;C:\Users\ashim\.m2\repository\io\smallrye\beanbag\smallrye-beanbag\1.3.2\smallrye-beanbag-1.3.2.jar;C:\Users\ashim\.m2\repository\javax\inject\javax.inject\1\javax.inject-1.jar;C:\Users\ashim\.m2\repository\org\apache\maven\maven-artifact\3.9.2\maven-artifact-3.9.2.jar;C:\Users\ashim\.m2\repository\org\apache\maven\maven-builder-support\3.9.2\maven-builder-support-3.9.2.jar;C:\Users\ashim\.m2\repository\org\apache\maven\maven-model\3.9.2\maven-model-3.9.2.jar;C:\Users\ashim\.m2\repository\org\apache\maven\maven-model-builder\3.9.2\maven-model-builder-3.9.2.jar;C:\Users\ashim\.m2\repository\org\apache\maven\maven-repository-metadata\3.9.2\maven-repository-metadata-3.9.2.jar;C:\Users\ashim\.m2\repository\org\apache\maven\maven-settings\3.9.2\maven-settings-3.9.2.jar;C:\Users\ashim\.m2\repository\org\apache\maven\resolver\maven-resolver-api\1.9.10\maven-resolver-api-1.9.10.jar;C:\Users\ashim\.m2\repository\org\apache\maven\resolver\maven-resolver-impl\1.9.10\maven-resolver-impl-1.9.10.jar;C:\Users\ashim\.m2\repository\org\apache\maven\resolver\maven-resolver-named-locks\1.9.10\maven-resolver-named-locks-1.9.10.jar;C:\Users\ashim\.m2\repository\org\apache\maven\resolver\maven-resolver-spi\1.9.10\maven-resolver-spi-1.9.10.jar;C:\Users\ashim\.m2\repository\org\apache\maven\resolver\maven-resolver-util\1.9.10\maven-resolver-util-1.9.10.jar;C:\Users\ashim\.m2\repository\org\apache\maven\resolver\maven-resolver-transport-http\1.9.10\maven-resolver-transport-http-1.9.10.jar;C:\Users\ashim\.m2\repository\org\apache\maven\wagon\wagon-provider-api\3.5.3\wagon-provider-api-3.5.3.jar;C:\Users\ashim\.m2\repository\org\apache\maven\wagon\wagon-http-shared\3.5.3\wagon-http-shared-3.5.3.jar;C:\Users\ashim\.m2\repository\org\codehaus\plexus\plexus-interpolation\1.26\plexus-interpolation-1.26.jar;C:\Users\ashim\.m2\repository\org\codehaus\plexus\plexus-utils\3.5.1\plexus-utils-3.5.1.jar;C:\Users\ashim\.m2\repository\org\codehaus\plexus\plexus-xml\4.0.0\plexus-xml-4.0.0.jar;C:\Users\ashim\.m2\repository\org\apache\maven\maven-xml-impl\4.0.0-alpha-5\maven-xml-impl-4.0.0-alpha-5.jar;C:\Users\ashim\.m2\repository\org\apache\maven\maven-api-xml\4.0.0-alpha-5\maven-api-xml-4.0.0-alpha-5.jar;C:\Users\ashim\.m2\repository\org\apache\maven\maven-api-meta\4.0.0-alpha-5\maven-api-meta-4.0.0-alpha-5.jar;C:\Users\ashim\.m2\repository\org\codehaus\plexus\plexus-cipher\2.0\plexus-cipher-2.0.jar;C:\Users\ashim\.m2\repository\org\codehaus\plexus\plexus-sec-dispatcher\2.0\plexus-sec-dispatcher-2.0.jar;C:\Users\ashim\.m2\repository\org\apache\maven\maven-embedder\3.9.2\maven-embedder-3.9.2.jar;C:\Users\ashim\.m2\repository\org\apache\maven\maven-core\3.9.2\maven-core-3.9.2.jar;C:\Users\ashim\.m2\repository\org\codehaus\plexus\plexus-component-annotations\2.1.0\plexus-component-annotations-2.1.0.jar;C:\Users\ashim\.m2\repository\org\apache\maven\maven-plugin-api\3.9.2\maven-plugin-api-3.9.2.jar;C:\Users\ashim\.m2\repository\org\apache\maven\shared\maven-shared-utils\3.3.4\maven-shared-utils-3.3.4.jar;C:\Users\ashim\.m2\repository\com\google\inject\guice\5.1.0\guice-5.1.0.jar;C:\Users\ashim\.m2\repository\aopalliance\aopalliance\1.0\aopalliance-1.0.jar;C:\Users\ashim\.m2\repository\com\google\guava\guava\31.1-jre\guava-31.1-jre.jar;C:\Users\ashim\.m2\repository\com\google\guava\failureaccess\1.0.1\failureaccess-1.0.1.jar;C:\Users\ashim\.m2\repository\javax\annotation\javax.annotation-api\1.3.2\javax.annotation-api-1.3.2.jar;C:\Users\ashim\.m2\repository\org\codehaus\plexus\plexus-classworlds\2.6.0\plexus-classworlds-2.6.0.jar;C:\Users\ashim\.m2\repository\commons-cli\commons-cli\1.5.0\commons-cli-1.5.0.jar;C:\Users\ashim\.m2\repository\org\eclipse\sisu\org.eclipse.sisu.plexus\0.3.5\org.eclipse.sisu.plexus-0.3.5.jar;C:\Users\ashim\.m2\repository\org\apache\maven\maven-settings-builder\3.9.2\maven-settings-builder-3.9.2.jar;C:\Users\ashim\.m2\repository\org\apache\maven\maven-resolver-provider\3.9.2\maven-resolver-provider-3.9.2.jar;C:\Users\ashim\.m2\repository\org\apache\maven\resolver\maven-resolver-connector-basic\1.9.10\maven-resolver-connector-basic-1.9.10.jar;C:\Users\ashim\.m2\repository\org\apache\maven\resolver\maven-resolver-transport-wagon\1.9.10\maven-resolver-transport-wagon-1.9.10.jar;C:\Users\ashim\.m2\repository\org\apache\maven\wagon\wagon-http\3.5.3\wagon-http-3.5.3.jar;C:\Users\ashim\.m2\repository\org\apache\maven\wagon\wagon-file\3.5.3\wagon-file-3.5.3.jar;C:\Users\ashim\.m2\repository\io\quarkus\quarkus-bootstrap-gradle-resolver\3.1.3.Final\quarkus-bootstrap-gradle-resolver-3.1.3.Final.jar;C:\Users\ashim\.m2\repository\io\smallrye\jandex\3.1.1\jandex-3.1.1.jar;C:\Users\ashim\.m2\repository\commons-io\commons-io\2.11.0\commons-io-2.11.0.jar;C:\Users\ashim\.m2\repository\org\jboss\logging\commons-logging-jboss-logging\1.0.0.Final\commons-logging-jboss-logging-1.0.0.Final.jar;C:\Users\ashim\.m2\repository\io\quarkus\quarkus-junit5-properties\3.1.3.Final\quarkus-junit5-properties-3.1.3.Final.jar;C:\Users\ashim\.m2\repository\org\junit\jupiter\junit-jupiter\5.9.3\junit-jupiter-5.9.3.jar;C:\Users\ashim\.m2\repository\org\junit\jupiter\junit-jupiter-api\5.9.3\junit-jupiter-api-5.9.3.jar;C:\Users\ashim\.m2\repository\org\opentest4j\opentest4j\1.2.0\opentest4j-1.2.0.jar;C:\Users\ashim\.m2\repository\org\junit\platform\junit-platform-commons\1.9.3\junit-platform-commons-1.9.3.jar;C:\Users\ashim\.m2\repository\org\apiguardian\apiguardian-api\1.1.2\apiguardian-api-1.1.2.jar;C:\Users\ashim\.m2\repository\org\junit\jupiter\junit-jupiter-params\5.9.3\junit-jupiter-params-5.9.3.jar;C:\Users\ashim\.m2\repository\org\junit\jupiter\junit-jupiter-engine\5.9.3\junit-jupiter-engine-5.9.3.jar;C:\Users\ashim\.m2\repository\org\junit\platform\junit-platform-engine\1.9.3\junit-platform-engine-1.9.3.jar;C:\Users\ashim\.m2\repository\com\thoughtworks\xstream\xstream\1.4.20\xstream-1.4.20.jar;C:\Users\ashim\.m2\repository\io\github\x-stream\mxparser\1.2.2\mxparser-1.2.2.jar;C:\Users\ashim\.m2\repository\xmlpull\xmlpull\1.1.3.1\xmlpull-1.1.3.1.jar;C:\Users\ashim\.m2\repository\io\quarkus\quarkus-smallrye-openapi\3.1.3.Final\quarkus-smallrye-openapi-3.1.3.Final.jar;C:\Users\ashim\.m2\repository\io\smallrye\smallrye-open-api-core\3.3.4\smallrye-open-api-core-3.3.4.jar;C:\Users\ashim\.m2\repository\org\eclipse\microprofile\openapi\microprofile-openapi-api\3.1\microprofile-openapi-api-3.1.jar;C:\Users\ashim\.m2\repository\org\eclipse\microprofile\config\microprofile-config-api\3.0.3\microprofile-config-api-3.0.3.jar;C:\Users\ashim\.m2\repository\com\fasterxml\jackson\core\jackson-core\2.15.2\jackson-core-2.15.2.jar;C:\Users\ashim\.m2\repository\com\fasterxml\jackson\core\jackson-databind\2.15.2\jackson-databind-2.15.2.jar;C:\Users\ashim\.m2\repository\com\fasterxml\jackson\core\jackson-annotations\2.15.2\jackson-annotations-2.15.2.jar;C:\Users\ashim\.m2\repository\com\fasterxml\jackson\dataformat\jackson-dataformat-yaml\2.15.2\jackson-dataformat-yaml-2.15.2.jar;C:\Users\ashim\.m2\repository\org\yaml\snakeyaml\2.0\snakeyaml-2.0.jar;C:\Users\ashim\.m2\repository\io\quarkus\quarkus-vertx-http\3.1.3.Final\quarkus-vertx-http-3.1.3.Final.jar;C:\Users\ashim\.m2\repository\io\quarkus\quarkus-security-runtime-spi\3.1.3.Final\quarkus-security-runtime-spi-3.1.3.Final.jar;C:\Users\ashim\.m2\repository\io\quarkus\quarkus-credentials\3.1.3.Final\quarkus-credentials-3.1.3.Final.jar;C:\Users\ashim\.m2\repository\io\quarkus\quarkus-mutiny\3.1.3.Final\quarkus-mutiny-3.1.3.Final.jar;C:\Users\ashim\.m2\repository\io\quarkus\quarkus-smallrye-context-propagation\3.1.3.Final\quarkus-smallrye-context-propagation-3.1.3.Final.jar;C:\Users\ashim\.m2\repository\io\smallrye\smallrye-context-propagation\2.1.0\smallrye-context-propagation-2.1.0.jar;C:\Users\ashim\.m2\repository\io\smallrye\smallrye-context-propagation-api\2.1.0\smallrye-context-propagation-api-2.1.0.jar;C:\Users\ashim\.m2\repository\io\smallrye\smallrye-context-propagation-storage\2.1.0\smallrye-context-propagation-storage-2.1.0.jar;C:\Users\ashim\.m2\repository\io\smallrye\reactive\mutiny-smallrye-context-propagation\2.3.1\mutiny-smallrye-context-propagation-2.3.1.jar;C:\Users\ashim\.m2\repository\io\smallrye\common\smallrye-common-vertx-context\2.1.0\smallrye-common-vertx-context-2.1.0.jar;C:\Users\ashim\.m2\repository\io\vertx\vertx-core\4.4.4\vertx-core-4.4.4.jar;C:\Users\ashim\.m2\repository\io\netty\netty-common\4.1.94.Final\netty-common-4.1.94.Final.jar;C:\Users\ashim\.m2\repository\io\netty\netty-buffer\4.1.94.Final\netty-buffer-4.1.94.Final.jar;C:\Users\ashim\.m2\repository\io\netty\netty-transport\4.1.94.Final\netty-transport-4.1.94.Final.jar;C:\Users\ashim\.m2\repository\io\netty\netty-handler\4.1.94.Final\netty-handler-4.1.94.Final.jar;C:\Users\ashim\.m2\repository\io\netty\netty-transport-native-unix-common\4.1.94.Final\netty-transport-native-unix-common-4.1.94.Final.jar;C:\Users\ashim\.m2\repository\io\netty\netty-handler-proxy\4.1.94.Final\netty-handler-proxy-4.1.94.Final.jar;C:\Users\ashim\.m2\repository\io\netty\netty-codec-socks\4.1.94.Final\netty-codec-socks-4.1.94.Final.jar;C:\Users\ashim\.m2\repository\io\netty\netty-codec-http\4.1.94.Final\netty-codec-http-4.1.94.Final.jar;C:\Users\ashim\.m2\repository\io\netty\netty-codec-http2\4.1.94.Final\netty-codec-http2-4.1.94.Final.jar;C:\Users\ashim\.m2\repository\io\netty\netty-resolver\4.1.94.Final\netty-resolver-4.1.94.Final.jar;C:\Users\ashim\.m2\repository\io\netty\netty-resolver-dns\4.1.94.Final\netty-resolver-dns-4.1.94.Final.jar;C:\Users\ashim\.m2\repository\io\netty\netty-codec-dns\4.1.94.Final\netty-codec-dns-4.1.94.Final.jar;C:\Users\ashim\.m2\repository\io\smallrye\common\smallrye-common-constraint\2.1.0\smallrye-common-constraint-2.1.0.jar;C:\Users\ashim\.m2\repository\io\quarkus\quarkus-vertx-http-dev-console-runtime-spi\3.1.3.Final\quarkus-vertx-http-dev-console-runtime-spi-3.1.3.Final.jar;C:\Users\ashim\.m2\repository\io\quarkus\security\quarkus-security\2.0.2.Final\quarkus-security-2.0.2.Final.jar;C:\Users\ashim\.m2\repository\io\quarkus\quarkus-vertx\3.1.3.Final\quarkus-vertx-3.1.3.Final.jar;C:\Users\ashim\.m2\repository\io\quarkus\quarkus-netty\3.1.3.Final\quarkus-netty-3.1.3.Final.jar;C:\Users\ashim\.m2\repository\io\netty\netty-codec\4.1.94.Final\netty-codec-4.1.94.Final.jar;C:\Users\ashim\.m2\repository\com\aayushatharva\brotli4j\brotli4j\1.12.0\brotli4j-1.12.0.jar;C:\Users\ashim\.m2\repository\com\aayushatharva\brotli4j\service\1.12.0\service-1.12.0.jar;C:\Users\ashim\.m2\repository\com\aayushatharva\brotli4j\native-windows-x86_64\1.12.0\native-windows-x86_64-1.12.0.jar;C:\Users\ashim\.m2\repository\io\netty\netty-codec-haproxy\4.1.94.Final\netty-codec-haproxy-4.1.94.Final.jar;C:\Users\ashim\.m2\repository\io\quarkus\quarkus-vertx-latebound-mdc-provider\3.1.3.Final\quarkus-vertx-latebound-mdc-provider-3.1.3.Final.jar;C:\Users\ashim\.m2\repository\io\smallrye\smallrye-fault-tolerance-vertx\6.2.3\smallrye-fault-tolerance-vertx-6.2.3.jar;C:\Users\ashim\.m2\repository\io\smallrye\reactive\smallrye-mutiny-vertx-web\3.5.0\smallrye-mutiny-vertx-web-3.5.0.jar;C:\Users\ashim\.m2\repository\io\smallrye\reactive\smallrye-mutiny-vertx-web-common\3.5.0\smallrye-mutiny-vertx-web-common-3.5.0.jar;C:\Users\ashim\.m2\repository\io\smallrye\reactive\smallrye-mutiny-vertx-auth-common\3.5.0\smallrye-mutiny-vertx-auth-common-3.5.0.jar;C:\Users\ashim\.m2\repository\io\smallrye\reactive\smallrye-mutiny-vertx-bridge-common\3.5.0\smallrye-mutiny-vertx-bridge-common-3.5.0.jar;C:\Users\ashim\.m2\repository\io\smallrye\reactive\smallrye-mutiny-vertx-uri-template\3.5.0\smallrye-mutiny-vertx-uri-template-3.5.0.jar;C:\Users\ashim\.m2\repository\io\vertx\vertx-uri-template\4.4.4\vertx-uri-template-4.4.4.jar;C:\Users\ashim\.m2\repository\io\vertx\vertx-web\4.4.4\vertx-web-4.4.4.jar;C:\Users\ashim\.m2\repository\io\vertx\vertx-web-common\4.4.4\vertx-web-common-4.4.4.jar;C:\Users\ashim\.m2\repository\io\vertx\vertx-auth-common\4.4.4\vertx-auth-common-4.4.4.jar;C:\Users\ashim\.m2\repository\io\vertx\vertx-bridge-common\4.4.4\vertx-bridge-common-4.4.4.jar;C:\Users\ashim\.m2\repository\io\github\crac\org-crac\0.1.3\org-crac-0.1.3.jar;C:\Users\ashim\.m2\repository\io\quarkus\quarkus-swagger-ui\3.1.3.Final\quarkus-swagger-ui-3.1.3.Final.jar;C:\Users\ashim\.m2\repository\io\rest-assured\rest-assured\5.3.0\rest-assured-5.3.0.jar;C:\Users\ashim\.m2\repository\org\apache\groovy\groovy\4.0.6\groovy-4.0.6.jar;C:\Users\ashim\.m2\repository\org\apache\groovy\groovy-xml\4.0.6\groovy-xml-4.0.6.jar;C:\Users\ashim\.m2\repository\org\apache\httpcomponents\httpclient\4.5.14\httpclient-4.5.14.jar;C:\Users\ashim\.m2\repository\org\apache\httpcomponents\httpcore\4.4.16\httpcore-4.4.16.jar;C:\Users\ashim\.m2\repository\commons-codec\commons-codec\1.15\commons-codec-1.15.jar;C:\Users\ashim\.m2\repository\org\apache\httpcomponents\httpmime\4.5.14\httpmime-4.5.14.jar;C:\Users\ashim\.m2\repository\org\hamcrest\hamcrest\2.1\hamcrest-2.1.jar;C:\Users\ashim\.m2\repository\org\ccil\cowan\tagsoup\tagsoup\1.2.1\tagsoup-1.2.1.jar;C:\Users\ashim\.m2\repository\io\rest-assured\json-path\5.3.0\json-path-5.3.0.jar;C:\Users\ashim\.m2\repository\org\apache\groovy\groovy-json\4.0.6\groovy-json-4.0.6.jar;C:\Users\ashim\.m2\repository\io\rest-assured\rest-assured-common\5.3.0\rest-assured-common-5.3.0.jar;C:\Users\ashim\.m2\repository\io\rest-assured\xml-path\5.3.0\xml-path-5.3.0.jar;C:\Users\ashim\.m2\repository\org\apache\commons\commons-lang3\3.12.0\commons-lang3-3.12.0.jar;"/>
    <property name="sun.cpu.endian" value="little"/>
    <property name="user.home" value="C:\Users\ashim"/>
    <property name="user.language" value="en"/>
    <property name="jboss.log-version" value="false"/>
    <property name="java.specification.vendor" value="Oracle Corporation"/>
    <property name="java.version.date" value="2023-10-17"/>
    <property name="java.home" value="C:\Program Files\Java\jdk-21"/>
    <property name="file.separator" value="\"/>
    <property name="basedir" value="D:\JOB-Career-Study\QuarkusProject\Quarkus-Sakila"/>
    <property name="java.vm.compressedOopsMode" value="32-bit"/>
    <property name="line.separator" value="&#10;"/>
    <property name="java.vm.specification.vendor" value="Oracle Corporation"/>
    <property name="java.specification.name" value="Java Platform API Specification"/>
    <property name="surefire.real.class.path" value="C:\Users\ashim\AppData\Local\Temp\surefire3357256091526739340\surefirebooter-20240601173735926_3.jar"/>
    <property name="user.script" value=""/>
    <property name="sun.management.compiler" value="HotSpot 64-Bit Tiered Compilers"/>
    <property name="java.runtime.version" value="21.0.1+12-LTS-29"/>
    <property name="user.name" value="ashim"/>
    <property name="stdout.encoding" value="Cp1252"/>
    <property name="path.separator" value=";"/>
    <property name="os.version" value="10.0"/>
    <property name="java.runtime.name" value="Java(TM) SE Runtime Environment"/>
    <property name="file.encoding" value="UTF-8"/>
    <property name="java.vm.name" value="Java HotSpot(TM) 64-Bit Server VM"/>
    <property name="localRepository" value="C:\Users\ashim\.m2\repository"/>
    <property name="java.vendor.url.bug" value="https://bugreport.java.com/bugreport/"/>
    <property name="java.io.tmpdir" value="C:\Users\ashim\AppData\Local\Temp\"/>
    <property name="quarkus.log.file.path" value="target\quarkus.log"/>
    <property name="java.version" value="21.0.1"/>
    <property name="user.dir" value="D:\JOB-Career-Study\QuarkusProject\Quarkus-Sakila"/>
    <property name="os.arch" value="amd64"/>
    <property name="java.vm.specification.name" value="Java Virtual Machine Specification"/>
    <property name="sun.os.patch.level" value=""/>
    <property name="native.encoding" value="Cp1252"/>
    <property name="java.util.logging.manager" value="org.jboss.logmanager.LogManager"/>
    <property name="java.library.path" value="C:\Program Files\Java\jdk-21\bin;C:\Windows\Sun\Java\bin;C:\Windows\system32;C:\Windows;C:\Users\ashim\bin;C:\Program Files\Git\mingw64\bin;C:\Program Files\Git\usr\local\bin;C:\Program Files\Git\usr\bin;C:\Program Files\Git\usr\bin;C:\Program Files\Git\mingw64\bin;C:\Program Files\Git\usr\bin;C:\Users\ashim\bin;C:\Program Files\Common Files\Oracle\Java\javapath;C:\Windows\system32;C:\Windows;C:\Windows\System32\Wbem;C:\Windows\System32\WindowsPowerShell\v1.0;C:\Windows\System32\OpenSSH;C:\Program Files\Java\jdk-21\bin;C:\Program Files\Git\cmd;C:\maven\apache-maven-3.9.7-bin\apache-maven-3.9.7\bin;C:\Program Files\Java\jdk-21\bin;C:\Program Files\Docker\Docker\resources\bin;C:\Program Files\Java\jdk-21\bin;C:\Users\ashim\AppData\Local\Programs\Microsoft VS Code\bin;C:\Program Files\Git\usr\bin\vendor_perl;C:\Program Files\Git\usr\bin\core_perl;."/>
    <property name="java.vm.info" value="mixed mode, sharing"/>
    <property name="stderr.encoding" value="Cp1252"/>
    <property name="java.vendor" value="Oracle Corporation"/>
    <property name="vertx.disableTCCL" value="true"/>
    <property name="java.vm.version" value="21.0.1+12-LTS-29"/>
    <property name="sun.io.unicode.encoding" value="UnicodeLittle"/>
    <property name="java.class.version" value="65.0"/>
    <property name="mp.openapi.extensions.smallrye.defaultConsumes" value="application/json"/>
  </properties>
  <testcase name="test" classname="FilmRepositoryTest" time="0.017">
    <error message="java.lang.RuntimeException: io.quarkus.builder.BuildException: Build failure: Build failed due to errors&#10;	[error]: Build step io.quarkus.hibernate.orm.deployment.HibernateOrmProcessor#enhancerDomainObjects threw an exception: org.hibernate.bytecode.enhance.spi.EnhancementException: Failed to enhance class io.quarkus.hibernate.orm.panache.PanacheEntity&#10;	at org.hibernate.bytecode.enhance.internal.bytebuddy.EnhancerImpl.enhance(EnhancerImpl.java:157)&#10;	at io.quarkus.hibernate.orm.deployment.HibernateEntityEnhancer.enhance(HibernateEntityEnhancer.java:101)&#10;	at io.quarkus.hibernate.orm.deployment.HibernateOrmProcessor.enhanceEntities(HibernateOrmProcessor.java:1266)&#10;	at io.quarkus.hibernate.orm.deployment.HibernateOrmProcessor.enhancerDomainObjects(HibernateOrmProcessor.java:627)&#10;	at java.base/jdk.internal.reflect.DirectMethodHandleAccessor.invoke(DirectMethodHandleAccessor.java:103)&#10;	at java.base/java.lang.reflect.Method.invoke(Method.java:580)&#10;	at io.quarkus.deployment.ExtensionLoader$3.execute(ExtensionLoader.java:909)&#10;	at io.quarkus.builder.BuildContext.run(BuildContext.java:282)&#10;	at org.jboss.threads.ContextHandler$1.runWith(ContextHandler.java:18)&#10;	at org.jboss.threads.EnhancedQueueExecutor$Task.run(EnhancedQueueExecutor.java:2513)&#10;	at org.jboss.threads.EnhancedQueueExecutor$ThreadBody.run(EnhancedQueueExecutor.java:1538)&#10;	at java.base/java.lang.Thread.run(Thread.java:1583)&#10;	at org.jboss.threads.JBossThread.run(JBossThread.java:501)&#10;Caused by: java.lang.IllegalArgumentException: Java 21 (65) is not supported by the current version of Byte Buddy which officially supports Java 20 (64) - update Byte Buddy or set net.bytebuddy.experimental as a VM property&#10;	at net.bytebuddy.utility.OpenedClassReader.of(OpenedClassReader.java:96)&#10;	at net.bytebuddy.pool.TypePool$Default.parse(TypePool.java:855)&#10;	at net.bytebuddy.pool.TypePool$Default.doDescribe(TypePool.java:841)&#10;	at net.bytebuddy.pool.TypePool$Default$WithLazyResolution.access$001(TypePool.java:921)&#10;	at net.bytebuddy.pool.TypePool$Default$WithLazyResolution.doResolve(TypePool.java:1019)&#10;	at net.bytebuddy.pool.TypePool$Default$WithLazyResolution$LazyTypeDescription.delegate(TypePool.java:1088)&#10;	at net.bytebuddy.description.type.TypeDescription$AbstractBase$OfSimpleType$WithDelegation.getTypeVariables(TypeDescription.java:8448)&#10;	at net.bytebuddy.description.type.TypeDescription$AbstractBase.isGenerified(TypeDescription.java:8059)&#10;	at net.bytebuddy.description.type.TypeDescription$Generic$Visitor$Reifying.onNonGenericType(TypeDescription.java:1707)&#10;	at net.bytebuddy.description.type.TypeDescription$Generic$Visitor$Reifying$1.onNonGenericType(TypeDescription.java:1663)&#10;	at net.bytebuddy.description.type.TypeDescription$Generic$OfNonGenericType.accept(TypeDescription.java:3672)&#10;	at net.bytebuddy.description.type.TypeDescription$Generic$LazyProjection.accept(TypeDescription.java:6222)&#10;	at net.bytebuddy.dynamic.scaffold.MethodGraph$Compiler$Default.analyzeNullable(MethodGraph.java:698)&#10;	at net.bytebuddy.dynamic.scaffold.MethodGraph$Compiler$Default.doAnalyze(MethodGraph.java:712)&#10;	at net.bytebuddy.dynamic.scaffold.MethodGraph$Compiler$Default.analyze(MethodGraph.java:679)&#10;	at net.bytebuddy.dynamic.scaffold.MethodGraph$Compiler$Default.analyzeNullable(MethodGraph.java:698)&#10;	at net.bytebuddy.dynamic.scaffold.MethodGraph$Compiler$Default.doAnalyze(MethodGraph.java:712)&#10;	at net.bytebuddy.dynamic.scaffold.MethodGraph$Compiler$Default.compile(MethodGraph.java:637)&#10;	at net.bytebuddy.dynamic.scaffold.MethodGraph$Compiler$AbstractBase.compile(MethodGraph.java:527)&#10;	at org.hibernate.bytecode.enhance.internal.bytebuddy.ByteBuddyEnhancementContext.lambda$resolveGetter$0(ByteBuddyEnhancementContext.java:94)&#10;	at java.base/java.util.concurrent.ConcurrentHashMap.computeIfAbsent(ConcurrentHashMap.java:1708)&#10;	at org.hibernate.bytecode.enhance.internal.bytebuddy.ByteBuddyEnhancementContext.resolveGetter(ByteBuddyEnhancementContext.java:93)&#10;	at org.hibernate.bytecode.enhance.internal.bytebuddy.EnhancerImpl$AnnotatedFieldDescription.getGetter(EnhancerImpl.java:545)&#10;	at org.hibernate.bytecode.enhance.internal.bytebuddy.EnhancerImpl$AnnotatedFieldDescription.doGetAnnotations(EnhancerImpl.java:574)&#10;	at org.hibernate.bytecode.enhance.internal.bytebuddy.EnhancerImpl$AnnotatedFieldDescription.getAnnotations(EnhancerImpl.java:553)&#10;	at org.hibernate.bytecode.enhance.internal.bytebuddy.EnhancerImpl$AnnotatedFieldDescription.hasAnnotation(EnhancerImpl.java:503)&#10;	at org.hibernate.bytecode.enhance.spi.DefaultEnhancementContext.isPersistentField(DefaultEnhancementContext.java:103)&#10;	at org.hibernate.bytecode.enhance.internal.bytebuddy.ByteBuddyEnhancementContext.isPersistentField(ByteBuddyEnhancementContext.java:68)&#10;	at org.hibernate.bytecode.enhance.internal.bytebuddy.PersistentAttributeTransformer.collectPersistentFields(PersistentAttributeTransformer.java:123)&#10;	at org.hibernate.bytecode.enhance.internal.bytebuddy.EnhancerImpl.createTransformer(EnhancerImpl.java:384)&#10;	at org.hibernate.bytecode.enhance.internal.bytebuddy.EnhancerImpl.doEnhance(EnhancerImpl.java:371)&#10;	at org.hibernate.bytecode.enhance.internal.bytebuddy.EnhancerImpl.lambda$enhance$0(EnhancerImpl.java:151)&#10;	at org.hibernate.bytecode.internal.bytebuddy.ByteBuddyState.rewrite(ByteBuddyState.java:163)&#10;	at org.hibernate.bytecode.enhance.internal.bytebuddy.EnhancerImpl.enhance(EnhancerImpl.java:151)&#10;	... 12 more&#10;" type="java.lang.RuntimeException"><![CDATA[java.lang.RuntimeException: 
java.lang.RuntimeException: io.quarkus.builder.BuildException: Build failure: Build failed due to errors
	[error]: Build step io.quarkus.hibernate.orm.deployment.HibernateOrmProcessor#enhancerDomainObjects threw an exception: org.hibernate.bytecode.enhance.spi.EnhancementException: Failed to enhance class io.quarkus.hibernate.orm.panache.PanacheEntity
	at org.hibernate.bytecode.enhance.internal.bytebuddy.EnhancerImpl.enhance(EnhancerImpl.java:157)
	at io.quarkus.hibernate.orm.deployment.HibernateEntityEnhancer.enhance(HibernateEntityEnhancer.java:101)
	at io.quarkus.hibernate.orm.deployment.HibernateOrmProcessor.enhanceEntities(HibernateOrmProcessor.java:1266)
	at io.quarkus.hibernate.orm.deployment.HibernateOrmProcessor.enhancerDomainObjects(HibernateOrmProcessor.java:627)
	at java.base/jdk.internal.reflect.DirectMethodHandleAccessor.invoke(DirectMethodHandleAccessor.java:103)
	at java.base/java.lang.reflect.Method.invoke(Method.java:580)
	at io.quarkus.deployment.ExtensionLoader$3.execute(ExtensionLoader.java:909)
	at io.quarkus.builder.BuildContext.run(BuildContext.java:282)
	at org.jboss.threads.ContextHandler$1.runWith(ContextHandler.java:18)
	at org.jboss.threads.EnhancedQueueExecutor$Task.run(EnhancedQueueExecutor.java:2513)
	at org.jboss.threads.EnhancedQueueExecutor$ThreadBody.run(EnhancedQueueExecutor.java:1538)
	at java.base/java.lang.Thread.run(Thread.java:1583)
	at org.jboss.threads.JBossThread.run(JBossThread.java:501)
Caused by: java.lang.IllegalArgumentException: Java 21 (65) is not supported by the current version of Byte Buddy which officially supports Java 20 (64) - update Byte Buddy or set net.bytebuddy.experimental as a VM property
	at net.bytebuddy.utility.OpenedClassReader.of(OpenedClassReader.java:96)
	at net.bytebuddy.pool.TypePool$Default.parse(TypePool.java:855)
	at net.bytebuddy.pool.TypePool$Default.doDescribe(TypePool.java:841)
	at net.bytebuddy.pool.TypePool$Default$WithLazyResolution.access$001(TypePool.java:921)
	at net.bytebuddy.pool.TypePool$Default$WithLazyResolution.doResolve(TypePool.java:1019)
	at net.bytebuddy.pool.TypePool$Default$WithLazyResolution$LazyTypeDescription.delegate(TypePool.java:1088)
	at net.bytebuddy.description.type.TypeDescription$AbstractBase$OfSimpleType$WithDelegation.getTypeVariables(TypeDescription.java:8448)
	at net.bytebuddy.description.type.TypeDescription$AbstractBase.isGenerified(TypeDescription.java:8059)
	at net.bytebuddy.description.type.TypeDescription$Generic$Visitor$Reifying.onNonGenericType(TypeDescription.java:1707)
	at net.bytebuddy.description.type.TypeDescription$Generic$Visitor$Reifying$1.onNonGenericType(TypeDescription.java:1663)
	at net.bytebuddy.description.type.TypeDescription$Generic$OfNonGenericType.accept(TypeDescription.java:3672)
	at net.bytebuddy.description.type.TypeDescription$Generic$LazyProjection.accept(TypeDescription.java:6222)
	at net.bytebuddy.dynamic.scaffold.MethodGraph$Compiler$Default.analyzeNullable(MethodGraph.java:698)
	at net.bytebuddy.dynamic.scaffold.MethodGraph$Compiler$Default.doAnalyze(MethodGraph.java:712)
	at net.bytebuddy.dynamic.scaffold.MethodGraph$Compiler$Default.analyze(MethodGraph.java:679)
	at net.bytebuddy.dynamic.scaffold.MethodGraph$Compiler$Default.analyzeNullable(MethodGraph.java:698)
	at net.bytebuddy.dynamic.scaffold.MethodGraph$Compiler$Default.doAnalyze(MethodGraph.java:712)
	at net.bytebuddy.dynamic.scaffold.MethodGraph$Compiler$Default.compile(MethodGraph.java:637)
	at net.bytebuddy.dynamic.scaffold.MethodGraph$Compiler$AbstractBase.compile(MethodGraph.java:527)
	at org.hibernate.bytecode.enhance.internal.bytebuddy.ByteBuddyEnhancementContext.lambda$resolveGetter$0(ByteBuddyEnhancementContext.java:94)
	at java.base/java.util.concurrent.ConcurrentHashMap.computeIfAbsent(ConcurrentHashMap.java:1708)
	at org.hibernate.bytecode.enhance.internal.bytebuddy.ByteBuddyEnhancementContext.resolveGetter(ByteBuddyEnhancementContext.java:93)
	at org.hibernate.bytecode.enhance.internal.bytebuddy.EnhancerImpl$AnnotatedFieldDescription.getGetter(EnhancerImpl.java:545)
	at org.hibernate.bytecode.enhance.internal.bytebuddy.EnhancerImpl$AnnotatedFieldDescription.doGetAnnotations(EnhancerImpl.java:574)
	at org.hibernate.bytecode.enhance.internal.bytebuddy.EnhancerImpl$AnnotatedFieldDescription.getAnnotations(EnhancerImpl.java:553)
	at org.hibernate.bytecode.enhance.internal.bytebuddy.EnhancerImpl$AnnotatedFieldDescription.hasAnnotation(EnhancerImpl.java:503)
	at org.hibernate.bytecode.enhance.spi.DefaultEnhancementContext.isPersistentField(DefaultEnhancementContext.java:103)
	at org.hibernate.bytecode.enhance.internal.bytebuddy.ByteBuddyEnhancementContext.isPersistentField(ByteBuddyEnhancementContext.java:68)
	at org.hibernate.bytecode.enhance.internal.bytebuddy.PersistentAttributeTransformer.collectPersistentFields(PersistentAttributeTransformer.java:123)
	at org.hibernate.bytecode.enhance.internal.bytebuddy.EnhancerImpl.createTransformer(EnhancerImpl.java:384)
	at org.hibernate.bytecode.enhance.internal.bytebuddy.EnhancerImpl.doEnhance(EnhancerImpl.java:371)
	at org.hibernate.bytecode.enhance.internal.bytebuddy.EnhancerImpl.lambda$enhance$0(EnhancerImpl.java:151)
	at org.hibernate.bytecode.internal.bytebuddy.ByteBuddyState.rewrite(ByteBuddyState.java:163)
	at org.hibernate.bytecode.enhance.internal.bytebuddy.EnhancerImpl.enhance(EnhancerImpl.java:151)
	... 12 more

	at io.quarkus.test.junit.QuarkusTestExtension.throwBootFailureException(QuarkusTestExtension.java:640)
	at io.quarkus.test.junit.QuarkusTestExtension.interceptTestClassConstructor(QuarkusTestExtension.java:711)
	at org.junit.jupiter.engine.execution.InterceptingExecutableInvoker.lambda$invoke$0(InterceptingExecutableInvoker.java:93)
	at org.junit.jupiter.engine.execution.InvocationInterceptorChain$InterceptedInvocation.proceed(InvocationInterceptorChain.java:106)
	at org.junit.jupiter.api.extension.InvocationInterceptor.interceptTestClassConstructor(InvocationInterceptor.java:73)
	at org.junit.jupiter.engine.execution.InterceptingExecutableInvoker.lambda$invoke$0(InterceptingExecutableInvoker.java:93)
	at org.junit.jupiter.engine.execution.InvocationInterceptorChain$InterceptedInvocation.proceed(InvocationInterceptorChain.java:106)
	at org.junit.jupiter.engine.execution.InvocationInterceptorChain.proceed(InvocationInterceptorChain.java:64)
	at org.junit.jupiter.engine.execution.InvocationInterceptorChain.chainAndInvoke(InvocationInterceptorChain.java:45)
	at org.junit.jupiter.engine.execution.InvocationInterceptorChain.invoke(InvocationInterceptorChain.java:37)
	at org.junit.jupiter.engine.execution.InterceptingExecutableInvoker.invoke(InterceptingExecutableInvoker.java:92)
	at org.junit.jupiter.engine.execution.InterceptingExecutableInvoker.invoke(InterceptingExecutableInvoker.java:62)
	at org.junit.jupiter.engine.descriptor.ClassBasedTestDescriptor.invokeTestClassConstructor(ClassBasedTestDescriptor.java:363)
	at org.junit.jupiter.engine.descriptor.ClassBasedTestDescriptor.instantiateTestClass(ClassBasedTestDescriptor.java:310)
	at org.junit.jupiter.engine.descriptor.ClassTestDescriptor.instantiateTestClass(ClassTestDescriptor.java:79)
	at org.junit.jupiter.engine.descriptor.ClassBasedTestDescriptor.instantiateAndPostProcessTestInstance(ClassBasedTestDescriptor.java:286)
	at org.junit.jupiter.engine.descriptor.ClassBasedTestDescriptor.lambda$testInstancesProvider$4(ClassBasedTestDescriptor.java:278)
	at java.base/java.util.Optional.orElseGet(Optional.java:364)
	at org.junit.jupiter.engine.descriptor.ClassBasedTestDescriptor.lambda$testInstancesProvider$5(ClassBasedTestDescriptor.java:277)
	at org.junit.jupiter.engine.execution.TestInstancesProvider.getTestInstances(TestInstancesProvider.java:31)
	at org.junit.jupiter.engine.descriptor.TestMethodTestDescriptor.lambda$prepare$0(TestMethodTestDescriptor.java:105)
	at org.junit.platform.engine.support.hierarchical.ThrowableCollector.execute(ThrowableCollector.java:73)
	at org.junit.jupiter.engine.descriptor.TestMethodTestDescriptor.prepare(TestMethodTestDescriptor.java:104)
	at org.junit.jupiter.engine.descriptor.TestMethodTestDescriptor.prepare(TestMethodTestDescriptor.java:68)
	at org.junit.platform.engine.support.hierarchical.NodeTestTask.lambda$prepare$2(NodeTestTask.java:123)
	at org.junit.platform.engine.support.hierarchical.ThrowableCollector.execute(ThrowableCollector.java:73)
	at org.junit.platform.engine.support.hierarchical.NodeTestTask.prepare(NodeTestTask.java:123)
	at org.junit.platform.engine.support.hierarchical.NodeTestTask.execute(NodeTestTask.java:90)
	at java.base/java.util.ArrayList.forEach(ArrayList.java:1596)
	at org.junit.platform.engine.support.hierarchical.SameThreadHierarchicalTestExecutorService.invokeAll(SameThreadHierarchicalTestExecutorService.java:41)
	at org.junit.platform.engine.support.hierarchical.NodeTestTask.lambda$executeRecursively$6(NodeTestTask.java:155)
	at org.junit.platform.engine.support.hierarchical.ThrowableCollector.execute(ThrowableCollector.java:73)
	at org.junit.platform.engine.support.hierarchical.NodeTestTask.lambda$executeRecursively$8(NodeTestTask.java:141)
	at org.junit.platform.engine.support.hierarchical.Node.around(Node.java:137)
	at org.junit.platform.engine.support.hierarchical.NodeTestTask.lambda$executeRecursively$9(NodeTestTask.java:139)
	at org.junit.platform.engine.support.hierarchical.ThrowableCollector.execute(ThrowableCollector.java:73)
	at org.junit.platform.engine.support.hierarchical.NodeTestTask.executeRecursively(NodeTestTask.java:138)
	at org.junit.platform.engine.support.hierarchical.NodeTestTask.execute(NodeTestTask.java:95)
	at java.base/java.util.ArrayList.forEach(ArrayList.java:1596)
	at org.junit.platform.engine.support.hierarchical.SameThreadHierarchicalTestExecutorService.invokeAll(SameThreadHierarchicalTestExecutorService.java:41)
	at org.junit.platform.engine.support.hierarchical.NodeTestTask.lambda$executeRecursively$6(NodeTestTask.java:155)
	at org.junit.platform.engine.support.hierarchical.ThrowableCollector.execute(ThrowableCollector.java:73)
	at org.junit.platform.engine.support.hierarchical.NodeTestTask.lambda$executeRecursively$8(NodeTestTask.java:141)
	at org.junit.platform.engine.support.hierarchical.Node.around(Node.java:137)
	at org.junit.platform.engine.support.hierarchical.NodeTestTask.lambda$executeRecursively$9(NodeTestTask.java:139)
	at org.junit.platform.engine.support.hierarchical.ThrowableCollector.execute(ThrowableCollector.java:73)
	at org.junit.platform.engine.support.hierarchical.NodeTestTask.executeRecursively(NodeTestTask.java:138)
	at org.junit.platform.engine.support.hierarchical.NodeTestTask.execute(NodeTestTask.java:95)
	at org.junit.platform.engine.support.hierarchical.SameThreadHierarchicalTestExecutorService.submit(SameThreadHierarchicalTestExecutorService.java:35)
	at org.junit.platform.engine.support.hierarchical.HierarchicalTestExecutor.execute(HierarchicalTestExecutor.java:57)
	at org.junit.platform.engine.support.hierarchical.HierarchicalTestEngine.execute(HierarchicalTestEngine.java:54)
	at org.junit.platform.launcher.core.EngineExecutionOrchestrator.execute(EngineExecutionOrchestrator.java:147)
	at org.junit.platform.launcher.core.EngineExecutionOrchestrator.execute(EngineExecutionOrchestrator.java:127)
	at org.junit.platform.launcher.core.EngineExecutionOrchestrator.execute(EngineExecutionOrchestrator.java:90)
	at org.junit.platform.launcher.core.EngineExecutionOrchestrator.lambda$execute$0(EngineExecutionOrchestrator.java:55)
	at org.junit.platform.launcher.core.EngineExecutionOrchestrator.withInterceptedStreams(EngineExecutionOrchestrator.java:102)
	at org.junit.platform.launcher.core.EngineExecutionOrchestrator.execute(EngineExecutionOrchestrator.java:54)
	at org.junit.platform.launcher.core.DefaultLauncher.execute(DefaultLauncher.java:114)
	at org.junit.platform.launcher.core.DefaultLauncher.execute(DefaultLauncher.java:86)
	at org.junit.platform.launcher.core.DefaultLauncherSession$DelegatingLauncher.execute(DefaultLauncherSession.java:86)
	at org.apache.maven.surefire.junitplatform.LazyLauncher.execute(LazyLauncher.java:50)
	at org.apache.maven.surefire.junitplatform.JUnitPlatformProvider.execute(JUnitPlatformProvider.java:184)
	at org.apache.maven.surefire.junitplatform.JUnitPlatformProvider.invokeAllTests(JUnitPlatformProvider.java:148)
	at org.apache.maven.surefire.junitplatform.JUnitPlatformProvider.invoke(JUnitPlatformProvider.java:122)
	at org.apache.maven.surefire.booter.ForkedBooter.runSuitesInProcess(ForkedBooter.java:385)
	at org.apache.maven.surefire.booter.ForkedBooter.execute(ForkedBooter.java:162)
	at org.apache.maven.surefire.booter.ForkedBooter.run(ForkedBooter.java:507)
	at org.apache.maven.surefire.booter.ForkedBooter.main(ForkedBooter.java:495)
Caused by: java.lang.RuntimeException: io.quarkus.builder.BuildException: Build failure: Build failed due to errors
	[error]: Build step io.quarkus.hibernate.orm.deployment.HibernateOrmProcessor#enhancerDomainObjects threw an exception: org.hibernate.bytecode.enhance.spi.EnhancementException: Failed to enhance class io.quarkus.hibernate.orm.panache.PanacheEntity
	at org.hibernate.bytecode.enhance.internal.bytebuddy.EnhancerImpl.enhance(EnhancerImpl.java:157)
	at io.quarkus.hibernate.orm.deployment.HibernateEntityEnhancer.enhance(HibernateEntityEnhancer.java:101)
	at io.quarkus.hibernate.orm.deployment.HibernateOrmProcessor.enhanceEntities(HibernateOrmProcessor.java:1266)
	at io.quarkus.hibernate.orm.deployment.HibernateOrmProcessor.enhancerDomainObjects(HibernateOrmProcessor.java:627)
	at java.base/jdk.internal.reflect.DirectMethodHandleAccessor.invoke(DirectMethodHandleAccessor.java:103)
	at java.base/java.lang.reflect.Method.invoke(Method.java:580)
	at io.quarkus.deployment.ExtensionLoader$3.execute(ExtensionLoader.java:909)
	at io.quarkus.builder.BuildContext.run(BuildContext.java:282)
	at org.jboss.threads.ContextHandler$1.runWith(ContextHandler.java:18)
	at org.jboss.threads.EnhancedQueueExecutor$Task.run(EnhancedQueueExecutor.java:2513)
	at org.jboss.threads.EnhancedQueueExecutor$ThreadBody.run(EnhancedQueueExecutor.java:1538)
	at java.base/java.lang.Thread.run(Thread.java:1583)
	at org.jboss.threads.JBossThread.run(JBossThread.java:501)
Caused by: java.lang.IllegalArgumentException: Java 21 (65) is not supported by the current version of Byte Buddy which officially supports Java 20 (64) - update Byte Buddy or set net.bytebuddy.experimental as a VM property
	at net.bytebuddy.utility.OpenedClassReader.of(OpenedClassReader.java:96)
	at net.bytebuddy.pool.TypePool$Default.parse(TypePool.java:855)
	at net.bytebuddy.pool.TypePool$Default.doDescribe(TypePool.java:841)
	at net.bytebuddy.pool.TypePool$Default$WithLazyResolution.access$001(TypePool.java:921)
	at net.bytebuddy.pool.TypePool$Default$WithLazyResolution.doResolve(TypePool.java:1019)
	at net.bytebuddy.pool.TypePool$Default$WithLazyResolution$LazyTypeDescription.delegate(TypePool.java:1088)
	at net.bytebuddy.description.type.TypeDescription$AbstractBase$OfSimpleType$WithDelegation.getTypeVariables(TypeDescription.java:8448)
	at net.bytebuddy.description.type.TypeDescription$AbstractBase.isGenerified(TypeDescription.java:8059)
	at net.bytebuddy.description.type.TypeDescription$Generic$Visitor$Reifying.onNonGenericType(TypeDescription.java:1707)
	at net.bytebuddy.description.type.TypeDescription$Generic$Visitor$Reifying$1.onNonGenericType(TypeDescription.java:1663)
	at net.bytebuddy.description.type.TypeDescription$Generic$OfNonGenericType.accept(TypeDescription.java:3672)
	at net.bytebuddy.description.type.TypeDescription$Generic$LazyProjection.accept(TypeDescription.java:6222)
	at net.bytebuddy.dynamic.scaffold.MethodGraph$Compiler$Default.analyzeNullable(MethodGraph.java:698)
	at net.bytebuddy.dynamic.scaffold.MethodGraph$Compiler$Default.doAnalyze(MethodGraph.java:712)
	at net.bytebuddy.dynamic.scaffold.MethodGraph$Compiler$Default.analyze(MethodGraph.java:679)
	at net.bytebuddy.dynamic.scaffold.MethodGraph$Compiler$Default.analyzeNullable(MethodGraph.java:698)
	at net.bytebuddy.dynamic.scaffold.MethodGraph$Compiler$Default.doAnalyze(MethodGraph.java:712)
	at net.bytebuddy.dynamic.scaffold.MethodGraph$Compiler$Default.compile(MethodGraph.java:637)
	at net.bytebuddy.dynamic.scaffold.MethodGraph$Compiler$AbstractBase.compile(MethodGraph.java:527)
	at org.hibernate.bytecode.enhance.internal.bytebuddy.ByteBuddyEnhancementContext.lambda$resolveGetter$0(ByteBuddyEnhancementContext.java:94)
	at java.base/java.util.concurrent.ConcurrentHashMap.computeIfAbsent(ConcurrentHashMap.java:1708)
	at org.hibernate.bytecode.enhance.internal.bytebuddy.ByteBuddyEnhancementContext.resolveGetter(ByteBuddyEnhancementContext.java:93)
	at org.hibernate.bytecode.enhance.internal.bytebuddy.EnhancerImpl$AnnotatedFieldDescription.getGetter(EnhancerImpl.java:545)
	at org.hibernate.bytecode.enhance.internal.bytebuddy.EnhancerImpl$AnnotatedFieldDescription.doGetAnnotations(EnhancerImpl.java:574)
	at org.hibernate.bytecode.enhance.internal.bytebuddy.EnhancerImpl$AnnotatedFieldDescription.getAnnotations(EnhancerImpl.java:553)
	at org.hibernate.bytecode.enhance.internal.bytebuddy.EnhancerImpl$AnnotatedFieldDescription.hasAnnotation(EnhancerImpl.java:503)
	at org.hibernate.bytecode.enhance.spi.DefaultEnhancementContext.isPersistentField(DefaultEnhancementContext.java:103)
	at org.hibernate.bytecode.enhance.internal.bytebuddy.ByteBuddyEnhancementContext.isPersistentField(ByteBuddyEnhancementContext.java:68)
	at org.hibernate.bytecode.enhance.internal.bytebuddy.PersistentAttributeTransformer.collectPersistentFields(PersistentAttributeTransformer.java:123)
	at org.hibernate.bytecode.enhance.internal.bytebuddy.EnhancerImpl.createTransformer(EnhancerImpl.java:384)
	at org.hibernate.bytecode.enhance.internal.bytebuddy.EnhancerImpl.doEnhance(EnhancerImpl.java:371)
	at org.hibernate.bytecode.enhance.internal.bytebuddy.EnhancerImpl.lambda$enhance$0(EnhancerImpl.java:151)
	at org.hibernate.bytecode.internal.bytebuddy.ByteBuddyState.rewrite(ByteBuddyState.java:163)
	at org.hibernate.bytecode.enhance.internal.bytebuddy.EnhancerImpl.enhance(EnhancerImpl.java:151)
	... 12 more

	at io.quarkus.runner.bootstrap.AugmentActionImpl.runAugment(AugmentActionImpl.java:335)
	at io.quarkus.runner.bootstrap.AugmentActionImpl.createInitialRuntimeApplication(AugmentActionImpl.java:252)
	at io.quarkus.runner.bootstrap.AugmentActionImpl.createInitialRuntimeApplication(AugmentActionImpl.java:60)
	at io.quarkus.test.junit.QuarkusTestExtension.doJavaStart(QuarkusTestExtension.java:223)
	at io.quarkus.test.junit.QuarkusTestExtension.ensureStarted(QuarkusTestExtension.java:607)
	at io.quarkus.test.junit.QuarkusTestExtension.beforeAll(QuarkusTestExtension.java:655)
	at org.junit.jupiter.engine.descriptor.ClassBasedTestDescriptor.lambda$invokeBeforeAllCallbacks$12(ClassBasedTestDescriptor.java:395)
	at org.junit.platform.engine.support.hierarchical.ThrowableCollector.execute(ThrowableCollector.java:73)
	at org.junit.jupiter.engine.descriptor.ClassBasedTestDescriptor.invokeBeforeAllCallbacks(ClassBasedTestDescriptor.java:395)
	at org.junit.jupiter.engine.descriptor.ClassBasedTestDescriptor.before(ClassBasedTestDescriptor.java:211)
	at org.junit.jupiter.engine.descriptor.ClassBasedTestDescriptor.before(ClassBasedTestDescriptor.java:84)
	at org.junit.platform.engine.support.hierarchical.NodeTestTask.lambda$executeRecursively$6(NodeTestTask.java:148)
	... 37 more
Caused by: io.quarkus.builder.BuildException: Build failure: Build failed due to errors
	[error]: Build step io.quarkus.hibernate.orm.deployment.HibernateOrmProcessor#enhancerDomainObjects threw an exception: org.hibernate.bytecode.enhance.spi.EnhancementException: Failed to enhance class io.quarkus.hibernate.orm.panache.PanacheEntity
	at org.hibernate.bytecode.enhance.internal.bytebuddy.EnhancerImpl.enhance(EnhancerImpl.java:157)
	at io.quarkus.hibernate.orm.deployment.HibernateEntityEnhancer.enhance(HibernateEntityEnhancer.java:101)
	at io.quarkus.hibernate.orm.deployment.HibernateOrmProcessor.enhanceEntities(HibernateOrmProcessor.java:1266)
	at io.quarkus.hibernate.orm.deployment.HibernateOrmProcessor.enhancerDomainObjects(HibernateOrmProcessor.java:627)
	at java.base/jdk.internal.reflect.DirectMethodHandleAccessor.invoke(DirectMethodHandleAccessor.java:103)
	at java.base/java.lang.reflect.Method.invoke(Method.java:580)
	at io.quarkus.deployment.ExtensionLoader$3.execute(ExtensionLoader.java:909)
	at io.quarkus.builder.BuildContext.run(BuildContext.java:282)
	at org.jboss.threads.ContextHandler$1.runWith(ContextHandler.java:18)
	at org.jboss.threads.EnhancedQueueExecutor$Task.run(EnhancedQueueExecutor.java:2513)
	at org.jboss.threads.EnhancedQueueExecutor$ThreadBody.run(EnhancedQueueExecutor.java:1538)
	at java.base/java.lang.Thread.run(Thread.java:1583)
	at org.jboss.threads.JBossThread.run(JBossThread.java:501)
Caused by: java.lang.IllegalArgumentException: Java 21 (65) is not supported by the current version of Byte Buddy which officially supports Java 20 (64) - update Byte Buddy or set net.bytebuddy.experimental as a VM property
	at net.bytebuddy.utility.OpenedClassReader.of(OpenedClassReader.java:96)
	at net.bytebuddy.pool.TypePool$Default.parse(TypePool.java:855)
	at net.bytebuddy.pool.TypePool$Default.doDescribe(TypePool.java:841)
	at net.bytebuddy.pool.TypePool$Default$WithLazyResolution.access$001(TypePool.java:921)
	at net.bytebuddy.pool.TypePool$Default$WithLazyResolution.doResolve(TypePool.java:1019)
	at net.bytebuddy.pool.TypePool$Default$WithLazyResolution$LazyTypeDescription.delegate(TypePool.java:1088)
	at net.bytebuddy.description.type.TypeDescription$AbstractBase$OfSimpleType$WithDelegation.getTypeVariables(TypeDescription.java:8448)
	at net.bytebuddy.description.type.TypeDescription$AbstractBase.isGenerified(TypeDescription.java:8059)
	at net.bytebuddy.description.type.TypeDescription$Generic$Visitor$Reifying.onNonGenericType(TypeDescription.java:1707)
	at net.bytebuddy.description.type.TypeDescription$Generic$Visitor$Reifying$1.onNonGenericType(TypeDescription.java:1663)
	at net.bytebuddy.description.type.TypeDescription$Generic$OfNonGenericType.accept(TypeDescription.java:3672)
	at net.bytebuddy.description.type.TypeDescription$Generic$LazyProjection.accept(TypeDescription.java:6222)
	at net.bytebuddy.dynamic.scaffold.MethodGraph$Compiler$Default.analyzeNullable(MethodGraph.java:698)
	at net.bytebuddy.dynamic.scaffold.MethodGraph$Compiler$Default.doAnalyze(MethodGraph.java:712)
	at net.bytebuddy.dynamic.scaffold.MethodGraph$Compiler$Default.analyze(MethodGraph.java:679)
	at net.bytebuddy.dynamic.scaffold.MethodGraph$Compiler$Default.analyzeNullable(MethodGraph.java:698)
	at net.bytebuddy.dynamic.scaffold.MethodGraph$Compiler$Default.doAnalyze(MethodGraph.java:712)
	at net.bytebuddy.dynamic.scaffold.MethodGraph$Compiler$Default.compile(MethodGraph.java:637)
	at net.bytebuddy.dynamic.scaffold.MethodGraph$Compiler$AbstractBase.compile(MethodGraph.java:527)
	at org.hibernate.bytecode.enhance.internal.bytebuddy.ByteBuddyEnhancementContext.lambda$resolveGetter$0(ByteBuddyEnhancementContext.java:94)
	at java.base/java.util.concurrent.ConcurrentHashMap.computeIfAbsent(ConcurrentHashMap.java:1708)
	at org.hibernate.bytecode.enhance.internal.bytebuddy.ByteBuddyEnhancementContext.resolveGetter(ByteBuddyEnhancementContext.java:93)
	at org.hibernate.bytecode.enhance.internal.bytebuddy.EnhancerImpl$AnnotatedFieldDescription.getGetter(EnhancerImpl.java:545)
	at org.hibernate.bytecode.enhance.internal.bytebuddy.EnhancerImpl$AnnotatedFieldDescription.doGetAnnotations(EnhancerImpl.java:574)
	at org.hibernate.bytecode.enhance.internal.bytebuddy.EnhancerImpl$AnnotatedFieldDescription.getAnnotations(EnhancerImpl.java:553)
	at org.hibernate.bytecode.enhance.internal.bytebuddy.EnhancerImpl$AnnotatedFieldDescription.hasAnnotation(EnhancerImpl.java:503)
	at org.hibernate.bytecode.enhance.spi.DefaultEnhancementContext.isPersistentField(DefaultEnhancementContext.java:103)
	at org.hibernate.bytecode.enhance.internal.bytebuddy.ByteBuddyEnhancementContext.isPersistentField(ByteBuddyEnhancementContext.java:68)
	at org.hibernate.bytecode.enhance.internal.bytebuddy.PersistentAttributeTransformer.collectPersistentFields(PersistentAttributeTransformer.java:123)
	at org.hibernate.bytecode.enhance.internal.bytebuddy.EnhancerImpl.createTransformer(EnhancerImpl.java:384)
	at org.hibernate.bytecode.enhance.internal.bytebuddy.EnhancerImpl.doEnhance(EnhancerImpl.java:371)
	at org.hibernate.bytecode.enhance.internal.bytebuddy.EnhancerImpl.lambda$enhance$0(EnhancerImpl.java:151)
	at org.hibernate.bytecode.internal.bytebuddy.ByteBuddyState.rewrite(ByteBuddyState.java:163)
	at org.hibernate.bytecode.enhance.internal.bytebuddy.EnhancerImpl.enhance(EnhancerImpl.java:151)
	... 12 more

	at io.quarkus.builder.Execution.run(Execution.java:123)
	at io.quarkus.builder.BuildExecutionBuilder.execute(BuildExecutionBuilder.java:79)
	at io.quarkus.deployment.QuarkusAugmentor.run(QuarkusAugmentor.java:160)
	at io.quarkus.runner.bootstrap.AugmentActionImpl.runAugment(AugmentActionImpl.java:331)
	... 48 more
Caused by: org.hibernate.bytecode.enhance.spi.EnhancementException: Failed to enhance class io.quarkus.hibernate.orm.panache.PanacheEntity
	at org.hibernate.bytecode.enhance.internal.bytebuddy.EnhancerImpl.enhance(EnhancerImpl.java:157)
	at io.quarkus.hibernate.orm.deployment.HibernateEntityEnhancer.enhance(HibernateEntityEnhancer.java:101)
	at io.quarkus.hibernate.orm.deployment.HibernateOrmProcessor.enhanceEntities(HibernateOrmProcessor.java:1266)
	at io.quarkus.hibernate.orm.deployment.HibernateOrmProcessor.enhancerDomainObjects(HibernateOrmProcessor.java:627)
	at java.base/jdk.internal.reflect.DirectMethodHandleAccessor.invoke(DirectMethodHandleAccessor.java:103)
	at java.base/java.lang.reflect.Method.invoke(Method.java:580)
	at io.quarkus.deployment.ExtensionLoader$3.execute(ExtensionLoader.java:909)
	at io.quarkus.builder.BuildContext.run(BuildContext.java:282)
	at org.jboss.threads.ContextHandler$1.runWith(ContextHandler.java:18)
	at org.jboss.threads.EnhancedQueueExecutor$Task.run(EnhancedQueueExecutor.java:2513)
	at org.jboss.threads.EnhancedQueueExecutor$ThreadBody.run(EnhancedQueueExecutor.java:1538)
	at java.base/java.lang.Thread.run(Thread.java:1583)
	at org.jboss.threads.JBossThread.run(JBossThread.java:501)
Caused by: java.lang.IllegalArgumentException: Java 21 (65) is not supported by the current version of Byte Buddy which officially supports Java 20 (64) - update Byte Buddy or set net.bytebuddy.experimental as a VM property
	at net.bytebuddy.utility.OpenedClassReader.of(OpenedClassReader.java:96)
	at net.bytebuddy.pool.TypePool$Default.parse(TypePool.java:855)
	at net.bytebuddy.pool.TypePool$Default.doDescribe(TypePool.java:841)
	at net.bytebuddy.pool.TypePool$Default$WithLazyResolution.access$001(TypePool.java:921)
	at net.bytebuddy.pool.TypePool$Default$WithLazyResolution.doResolve(TypePool.java:1019)
	at net.bytebuddy.pool.TypePool$Default$WithLazyResolution$LazyTypeDescription.delegate(TypePool.java:1088)
	at net.bytebuddy.description.type.TypeDescription$AbstractBase$OfSimpleType$WithDelegation.getTypeVariables(TypeDescription.java:8448)
	at net.bytebuddy.description.type.TypeDescription$AbstractBase.isGenerified(TypeDescription.java:8059)
	at net.bytebuddy.description.type.TypeDescription$Generic$Visitor$Reifying.onNonGenericType(TypeDescription.java:1707)
	at net.bytebuddy.description.type.TypeDescription$Generic$Visitor$Reifying$1.onNonGenericType(TypeDescription.java:1663)
	at net.bytebuddy.description.type.TypeDescription$Generic$OfNonGenericType.accept(TypeDescription.java:3672)
	at net.bytebuddy.description.type.TypeDescription$Generic$LazyProjection.accept(TypeDescription.java:6222)
	at net.bytebuddy.dynamic.scaffold.MethodGraph$Compiler$Default.analyzeNullable(MethodGraph.java:698)
	at net.bytebuddy.dynamic.scaffold.MethodGraph$Compiler$Default.doAnalyze(MethodGraph.java:712)
	at net.bytebuddy.dynamic.scaffold.MethodGraph$Compiler$Default.analyze(MethodGraph.java:679)
	at net.bytebuddy.dynamic.scaffold.MethodGraph$Compiler$Default.analyzeNullable(MethodGraph.java:698)
	at net.bytebuddy.dynamic.scaffold.MethodGraph$Compiler$Default.doAnalyze(MethodGraph.java:712)
	at net.bytebuddy.dynamic.scaffold.MethodGraph$Compiler$Default.compile(MethodGraph.java:637)
	at net.bytebuddy.dynamic.scaffold.MethodGraph$Compiler$AbstractBase.compile(MethodGraph.java:527)
	at org.hibernate.bytecode.enhance.internal.bytebuddy.ByteBuddyEnhancementContext.lambda$resolveGetter$0(ByteBuddyEnhancementContext.java:94)
	at java.base/java.util.concurrent.ConcurrentHashMap.computeIfAbsent(ConcurrentHashMap.java:1708)
	at org.hibernate.bytecode.enhance.internal.bytebuddy.ByteBuddyEnhancementContext.resolveGetter(ByteBuddyEnhancementContext.java:93)
	at org.hibernate.bytecode.enhance.internal.bytebuddy.EnhancerImpl$AnnotatedFieldDescription.getGetter(EnhancerImpl.java:545)
	at org.hibernate.bytecode.enhance.internal.bytebuddy.EnhancerImpl$AnnotatedFieldDescription.doGetAnnotations(EnhancerImpl.java:574)
	at org.hibernate.bytecode.enhance.internal.bytebuddy.EnhancerImpl$AnnotatedFieldDescription.getAnnotations(EnhancerImpl.java:553)
	at org.hibernate.bytecode.enhance.internal.bytebuddy.EnhancerImpl$AnnotatedFieldDescription.hasAnnotation(EnhancerImpl.java:503)
	at org.hibernate.bytecode.enhance.spi.DefaultEnhancementContext.isPersistentField(DefaultEnhancementContext.java:103)
	at org.hibernate.bytecode.enhance.internal.bytebuddy.ByteBuddyEnhancementContext.isPersistentField(ByteBuddyEnhancementContext.java:68)
	at org.hibernate.bytecode.enhance.internal.bytebuddy.PersistentAttributeTransformer.collectPersistentFields(PersistentAttributeTransformer.java:123)
	at org.hibernate.bytecode.enhance.internal.bytebuddy.EnhancerImpl.createTransformer(EnhancerImpl.java:384)
	at org.hibernate.bytecode.enhance.internal.bytebuddy.EnhancerImpl.doEnhance(EnhancerImpl.java:371)
	at org.hibernate.bytecode.enhance.internal.bytebuddy.EnhancerImpl.lambda$enhance$0(EnhancerImpl.java:151)
	at org.hibernate.bytecode.internal.bytebuddy.ByteBuddyState.rewrite(ByteBuddyState.java:163)
	at org.hibernate.bytecode.enhance.internal.bytebuddy.EnhancerImpl.enhance(EnhancerImpl.java:151)
	... 12 more
]]></error>
  </testcase>
</testsuite>